TN:
SF:sadbox.tsx
FNF:0
FNH:0
LF:0
LH:0
BRF:0
BRH:0
end_of_record
TN:
SF:scripts/reset-project.js
FN:45,(anonymous_0)
FN:51,(anonymous_1)
FN:58,(anonymous_2)
FN:65,(anonymous_3)
FNF:4
FNH:0
FNDA:0,(anonymous_0)
FNDA:0,(anonymous_1)
FNDA:0,(anonymous_2)
FNDA:0,(anonymous_3)
DA:9,0
DA:10,0
DA:12,0
DA:13,0
DA:14,0
DA:15,0
DA:17,0
DA:34,0
DA:45,0
DA:46,0
DA:47,0
DA:49,0
DA:51,0
DA:52,0
DA:53,0
DA:55,0
DA:57,0
DA:58,0
DA:59,0
DA:60,0
DA:62,0
DA:64,0
DA:65,0
DA:66,0
DA:67,0
DA:69,0
LF:26
LH:0
BRDA:46,0,0,0
BRDA:46,0,1,0
BRDA:52,1,0,0
BRDA:52,1,1,0
BRDA:59,2,0,0
BRDA:59,2,1,0
BRDA:66,3,0,0
BRDA:66,3,1,0
BRF:8
BRH:0
end_of_record
TN:
SF:src/i18n.ts
FNF:0
FNH:0
DA:12,0
LF:1
LH:0
BRF:0
BRH:0
end_of_record
TN:
SF:src/props.tsx
FNF:0
FNH:0
LF:0
LH:0
BRF:0
BRH:0
end_of_record
TN:
SF:src/translations.ts
FNF:0
FNH:0
DA:5,0
LF:1
LH:0
BRF:0
BRH:0
end_of_record
TN:
SF:src/zustand.ts
FN:46,(anonymous_0)
FN:49,(anonymous_1)
FN:50,(anonymous_2)
FN:71,(anonymous_3)
FN:72,(anonymous_4)
FN:79,(anonymous_5)
FN:80,(anonymous_6)
FNF:7
FNH:0
FNDA:0,(anonymous_0)
FNDA:0,(anonymous_1)
FNDA:0,(anonymous_2)
FNDA:0,(anonymous_3)
FNDA:0,(anonymous_4)
FNDA:0,(anonymous_5)
FNDA:0,(anonymous_6)
DA:46,0
DA:50,0
DA:72,0
DA:80,0
LF:4
LH:0
BRF:0
BRH:0
end_of_record
TN:
SF:src/app/_layout.tsx
FN:23,_layout
FN:29,(anonymous_1)
FN:32,(anonymous_2)
FN:35,(anonymous_3)
FN:55,MainLayout
FN:61,(anonymous_5)
FN:62,(anonymous_6)
FN:83,loadFonts
FNF:8
FNH:0
FNDA:0,_layout
FNDA:0,(anonymous_1)
FNDA:0,(anonymous_2)
FNDA:0,(anonymous_3)
FNDA:0,MainLayout
FNDA:0,(anonymous_5)
FNDA:0,(anonymous_6)
FNDA:0,loadFonts
DA:24,0
DA:30,0
DA:33,0
DA:36,0
DA:50,0
DA:56,0
DA:57,0
DA:58,0
DA:59,0
DA:61,0
DA:62,0
DA:63,0
DA:64,0
DA:65,0
DA:74,0
DA:77,0
DA:79,0
DA:84,0
LF:18
LH:0
BRDA:64,0,0,0
BRDA:64,0,1,0
BRDA:77,1,0,0
BRDA:77,1,1,0
BRF:4
BRH:0
end_of_record
TN:
SF:src/app/index.tsx
FN:11,index_PAGE
FNF:1
FNH:0
FNDA:0,index_PAGE
DA:12,0
LF:1
LH:0
BRF:0
BRH:0
end_of_record
TN:
SF:src/app/login.tsx
FN:42,Login_PAGE
FN:63,(anonymous_1)
FN:68,(anonymous_2)
FN:91,(anonymous_3)
FN:110,(anonymous_4)
FN:132,(anonymous_5)
FN:150,(anonymous_6)
FN:154,(anonymous_7)
FN:158,(anonymous_8)
FN:162,(anonymous_9)
FN:167,(anonymous_10)
FN:168,(anonymous_11)
FN:172,(anonymous_12)
FN:209,(anonymous_13)
FN:213,(anonymous_14)
FN:244,(anonymous_15)
FN:248,(anonymous_16)
FN:300,(anonymous_17)
FN:304,(anonymous_18)
FNF:19
FNH:0
FNDA:0,Login_PAGE
FNDA:0,(anonymous_1)
FNDA:0,(anonymous_2)
FNDA:0,(anonymous_3)
FNDA:0,(anonymous_4)
FNDA:0,(anonymous_5)
FNDA:0,(anonymous_6)
FNDA:0,(anonymous_7)
FNDA:0,(anonymous_8)
FNDA:0,(anonymous_9)
FNDA:0,(anonymous_10)
FNDA:0,(anonymous_11)
FNDA:0,(anonymous_12)
FNDA:0,(anonymous_13)
FNDA:0,(anonymous_14)
FNDA:0,(anonymous_15)
FNDA:0,(anonymous_16)
FNDA:0,(anonymous_17)
FNDA:0,(anonymous_18)
DA:43,0
DA:44,0
DA:45,0
DA:46,0
DA:47,0
DA:48,0
DA:49,0
DA:50,0
DA:52,0
DA:56,0
DA:61,0
DA:63,0
DA:64,0
DA:65,0
DA:68,0
DA:69,0
DA:71,0
DA:77,0
DA:79,0
DA:81,0
DA:86,0
DA:91,0
DA:110,0
DA:111,0
DA:112,0
DA:113,0
DA:118,0
DA:119,0
DA:120,0
DA:122,0
DA:123,0
DA:124,0
DA:125,0
DA:126,0
DA:127,0
DA:132,0
DA:143,0
DA:150,0
DA:154,0
DA:155,0
DA:156,0
DA:158,0
DA:159,0
DA:160,0
DA:162,0
DA:163,0
DA:164,0
DA:167,0
DA:168,0
DA:169,0
DA:170,0
DA:172,0
DA:179,0
DA:210,0
DA:214,0
DA:215,0
DA:245,0
DA:249,0
DA:250,0
DA:300,0
DA:304,0
LF:61
LH:0
BRDA:69,0,0,0
BRDA:69,0,1,0
BRDA:77,1,0,0
BRDA:77,1,1,0
BRDA:112,2,0,0
BRDA:112,2,1,0
BRDA:112,3,0,0
BRDA:112,3,1,0
BRDA:122,4,0,0
BRDA:122,4,1,0
BRDA:124,5,0,0
BRDA:124,5,1,0
BRDA:183,6,0,0
BRDA:183,6,1,0
BRDA:221,7,0,0
BRDA:221,7,1,0
BRDA:221,7,2,0
BRDA:227,8,0,0
BRDA:227,8,1,0
BRDA:255,9,0,0
BRDA:255,9,1,0
BRDA:255,9,2,0
BRDA:262,10,0,0
BRDA:262,10,1,0
BRDA:277,11,0,0
BRDA:277,11,1,0
BRDA:280,12,0,0
BRDA:280,12,1,0
BRDA:285,13,0,0
BRDA:285,13,1,0
BRDA:286,14,0,0
BRDA:286,14,1,0
BRF:32
BRH:0
end_of_record
TN:
SF:src/app/register.tsx
FN:52,Register_PAGE
FN:66,(anonymous_1)
FN:101,(anonymous_2)
FN:135,(anonymous_3)
FN:141,(anonymous_4)
FN:166,(anonymous_5)
FN:172,(anonymous_6)
FN:200,(anonymous_7)
FN:206,(anonymous_8)
FNF:9
FNH:0
FNDA:0,Register_PAGE
FNDA:0,(anonymous_1)
FNDA:0,(anonymous_2)
FNDA:0,(anonymous_3)
FNDA:0,(anonymous_4)
FNDA:0,(anonymous_5)
FNDA:0,(anonymous_6)
FNDA:0,(anonymous_7)
FNDA:0,(anonymous_8)
DA:53,0
DA:54,0
DA:55,0
DA:56,0
DA:57,0
DA:58,0
DA:59,0
DA:61,0
DA:66,0
DA:67,0
DA:68,0
DA:70,0
DA:71,0
DA:72,0
DA:74,0
DA:75,0
DA:76,0
DA:77,0
DA:79,0
DA:80,0
DA:94,0
DA:101,0
DA:103,0
DA:139,0
DA:142,0
DA:143,0
DA:170,0
DA:173,0
DA:174,0
DA:204,0
DA:207,0
DA:208,0
LF:32
LH:0
BRDA:68,0,0,0
BRDA:68,0,1,0
BRDA:68,1,0,0
BRDA:68,1,1,0
BRDA:68,1,2,0
BRDA:74,2,0,0
BRDA:74,2,1,0
BRDA:77,3,0,0
BRDA:77,3,1,0
BRDA:77,4,0,0
BRDA:77,4,1,0
BRDA:77,4,2,0
BRDA:107,5,0,0
BRDA:107,5,1,0
BRDA:149,6,0,0
BRDA:149,6,1,0
BRDA:181,7,0,0
BRDA:181,7,1,0
BRDA:217,8,0,0
BRDA:217,8,1,0
BRDA:221,9,0,0
BRDA:221,9,1,0
BRDA:224,10,0,0
BRDA:224,10,1,0
BRDA:229,11,0,0
BRDA:229,11,1,0
BRDA:230,12,0,0
BRDA:230,12,1,0
BRF:28
BRH:0
end_of_record
TN:
SF:src/app/welcome.tsx
FN:15,Welcome_PAGE
FN:18,(anonymous_1)
FN:19,(anonymous_2)
FN:48,(anonymous_3)
FN:50,(anonymous_4)
FNF:5
FNH:0
FNDA:0,Welcome_PAGE
FNDA:0,(anonymous_1)
FNDA:0,(anonymous_2)
FNDA:0,(anonymous_3)
FNDA:0,(anonymous_4)
DA:16,0
DA:18,0
DA:19,0
DA:20,0
DA:24,0
DA:48,0
DA:50,0
LF:7
LH:0
BRF:0
BRH:0
end_of_record
TN:
SF:src/app/(main)/_layout.tsx
FN:18,TabLayout
FN:57,(anonymous_1)
FN:68,(anonymous_2)
FN:81,(anonymous_3)
FNF:4
FNH:0
FNDA:0,TabLayout
FNDA:0,(anonymous_1)
FNDA:0,(anonymous_2)
FNDA:0,(anonymous_3)
DA:19,0
DA:20,0
DA:21,0
DA:25,0
DA:58,0
DA:69,0
DA:82,0
LF:7
LH:0
BRDA:59,0,0,0
BRDA:59,0,1,0
BRDA:71,1,0,0
BRDA:71,1,1,0
BRDA:83,2,0,0
BRDA:83,2,1,0
BRF:6
BRH:0
end_of_record
TN:
SF:src/app/(main)/explore/_layout.tsx
FN:4,ExploreTab_LAYOUT
FNF:1
FNH:0
FNDA:0,ExploreTab_LAYOUT
DA:5,0
LF:1
LH:0
BRF:0
BRH:0
end_of_record
TN:
SF:src/app/(main)/explore/all_public_vocabs.tsx
FN:40,AllPublicVocabs_PAGE
FN:79,(anonymous_1)
FN:80,(anonymous_2)
FN:88,(anonymous_3)
FN:114,(anonymous_4)
FN:115,(anonymous_5)
FN:127,(anonymous_6)
FN:135,(anonymous_7)
FN:142,(anonymous_8)
FNF:9
FNH:0
FNDA:0,AllPublicVocabs_PAGE
FNDA:0,(anonymous_1)
FNDA:0,(anonymous_2)
FNDA:0,(anonymous_3)
FNDA:0,(anonymous_4)
FNDA:0,(anonymous_5)
FNDA:0,(anonymous_6)
FNDA:0,(anonymous_7)
FNDA:0,(anonymous_8)
DA:41,0
DA:42,0
DA:44,0
DA:45,0
DA:47,0
DA:48,0
DA:49,0
DA:50,0
DA:52,0
DA:54,0
DA:67,0
DA:74,0
DA:79,0
DA:80,0
DA:89,0
DA:90,0
DA:114,0
DA:116,0
DA:127,0
DA:136,0
DA:137,0
DA:142,0
LF:22
LH:0
BRF:0
BRH:0
end_of_record
TN:
SF:src/app/(main)/explore/index.tsx
FN:12,Explore_PAGE
FN:23,(anonymous_1)
FN:28,(anonymous_2)
FN:33,(anonymous_3)
FNF:4
FNH:0
FNDA:0,Explore_PAGE
FNDA:0,(anonymous_1)
FNDA:0,(anonymous_2)
FNDA:0,(anonymous_3)
DA:13,0
DA:15,0
DA:23,0
DA:28,0
DA:33,0
LF:5
LH:0
BRF:0
BRH:0
end_of_record
TN:
SF:src/app/(main)/explore/public_lists/[publicList_id].tsx
FN:41,PublicListVocabs_PAGE
FN:79,(anonymous_1)
FN:84,(anonymous_2)
FN:96,(anonymous_3)
FN:110,(anonymous_4)
FN:136,(anonymous_5)
FN:137,(anonymous_6)
FN:138,(anonymous_7)
FN:145,(anonymous_8)
FN:171,(anonymous_9)
FN:172,(anonymous_10)
FN:186,(anonymous_11)
FN:193,(anonymous_12)
FN:198,(anonymous_13)
FN:208,(anonymous_14)
FNF:15
FNH:0
FNDA:0,PublicListVocabs_PAGE
FNDA:0,(anonymous_1)
FNDA:0,(anonymous_2)
FNDA:0,(anonymous_3)
FNDA:0,(anonymous_4)
FNDA:0,(anonymous_5)
FNDA:0,(anonymous_6)
FNDA:0,(anonymous_7)
FNDA:0,(anonymous_8)
FNDA:0,(anonymous_9)
FNDA:0,(anonymous_10)
FNDA:0,(anonymous_11)
FNDA:0,(anonymous_12)
FNDA:0,(anonymous_13)
FNDA:0,(anonymous_14)
DA:42,0
DA:43,0
DA:44,0
DA:45,0
DA:46,0
DA:47,0
DA:48,0
DA:49,0
DA:50,0
DA:53,0
DA:55,0
DA:59,0
DA:70,0
DA:77,0
DA:79,0
DA:80,0
DA:81,0
DA:85,0
DA:86,0
DA:93,0
DA:94,0
DA:99,0
DA:100,0
DA:101,0
DA:105,0
DA:106,0
DA:110,0
DA:112,0
DA:123,0
DA:131,0
DA:136,0
DA:137,0
DA:138,0
DA:146,0
DA:147,0
DA:171,0
DA:173,0
DA:187,0
DA:188,0
DA:193,0
DA:198,0
DA:208,0
LF:42
LH:0
BRDA:56,0,0,0
BRDA:56,0,1,0
BRDA:80,1,0,0
BRDA:80,1,1,0
BRDA:80,2,0,0
BRDA:80,2,1,0
BRDA:93,3,0,0
BRDA:93,3,1,0
BRDA:93,4,0,0
BRDA:93,4,1,0
BRDA:99,5,0,0
BRDA:99,5,1,0
BRDA:105,6,0,0
BRDA:105,6,1,0
BRDA:112,7,0,0
BRDA:112,7,1,0
BRDA:125,8,0,0
BRDA:125,8,1,0
BRF:18
BRH:0
end_of_record
TN:
SF:src/app/(main)/explore/public_lists/_layout.tsx
FN:4,PublicLists_LAYOUT
FNF:1
FNH:0
FNDA:0,PublicLists_LAYOUT
DA:5,0
LF:1
LH:0
BRF:0
BRH:0
end_of_record
TN:
SF:src/app/(main)/explore/public_lists/index.tsx
FN:26,PublicLists_PAGE
FN:64,(anonymous_1)
FN:65,(anonymous_2)
FN:93,(anonymous_3)
FN:94,(anonymous_4)
FN:111,(anonymous_5)
FNF:6
FNH:0
FNDA:0,PublicLists_PAGE
FNDA:0,(anonymous_1)
FNDA:0,(anonymous_2)
FNDA:0,(anonymous_3)
FNDA:0,(anonymous_4)
FNDA:0,(anonymous_5)
DA:27,0
DA:28,0
DA:29,0
DA:30,0
DA:31,0
DA:34,0
DA:36,0
DA:41,0
DA:51,0
DA:59,0
DA:64,0
DA:65,0
DA:93,0
DA:94,0
DA:111,0
LF:15
LH:0
BRF:0
BRH:0
end_of_record
TN:
SF:src/app/(main)/explore/shared_lists/[sharedList_id].tsx
FN:36,PublicListVocabs_PAGE
FN:68,(anonymous_1)
FN:74,(anonymous_2)
FN:88,(anonymous_3)
FN:114,(anonymous_4)
FN:115,(anonymous_5)
FN:116,(anonymous_6)
FN:123,(anonymous_7)
FN:149,(anonymous_8)
FN:150,(anonymous_9)
FN:165,(anonymous_10)
FN:172,(anonymous_11)
FN:177,(anonymous_12)
FN:187,(anonymous_13)
FNF:14
FNH:0
FNDA:0,PublicListVocabs_PAGE
FNDA:0,(anonymous_1)
FNDA:0,(anonymous_2)
FNDA:0,(anonymous_3)
FNDA:0,(anonymous_4)
FNDA:0,(anonymous_5)
FNDA:0,(anonymous_6)
FNDA:0,(anonymous_7)
FNDA:0,(anonymous_8)
FNDA:0,(anonymous_9)
FNDA:0,(anonymous_10)
FNDA:0,(anonymous_11)
FNDA:0,(anonymous_12)
FNDA:0,(anonymous_13)
DA:37,0
DA:39,0
DA:40,0
DA:41,0
DA:42,0
DA:43,0
DA:44,0
DA:45,0
DA:46,0
DA:49,0
DA:53,0
DA:59,0
DA:66,0
DA:68,0
DA:69,0
DA:71,0
DA:75,0
DA:76,0
DA:83,0
DA:84,0
DA:88,0
DA:90,0
DA:101,0
DA:109,0
DA:114,0
DA:115,0
DA:116,0
DA:124,0
DA:125,0
DA:149,0
DA:151,0
DA:166,0
DA:167,0
DA:172,0
DA:177,0
DA:187,0
LF:36
LH:0
BRDA:50,0,0,0
BRDA:50,0,1,0
BRDA:69,1,0,0
BRDA:69,1,1,0
BRDA:69,2,0,0
BRDA:69,2,1,0
BRDA:83,3,0,0
BRDA:83,3,1,0
BRDA:90,4,0,0
BRDA:90,4,1,0
BRDA:103,5,0,0
BRDA:103,5,1,0
BRF:12
BRH:0
end_of_record
TN:
SF:src/app/(main)/explore/shared_lists/_layout.tsx
FN:4,SharedLists_LAYOUT
FNF:1
FNH:0
FNDA:0,SharedLists_LAYOUT
DA:5,0
LF:1
LH:0
BRF:0
BRH:0
end_of_record
TN:
SF:src/app/(main)/explore/shared_lists/index.tsx
FN:25,SharedLists_PAGE
FN:63,(anonymous_1)
FN:64,(anonymous_2)
FN:92,(anonymous_3)
FN:93,(anonymous_4)
FN:109,(anonymous_5)
FNF:6
FNH:0
FNDA:0,SharedLists_PAGE
FNDA:0,(anonymous_1)
FNDA:0,(anonymous_2)
FNDA:0,(anonymous_3)
FNDA:0,(anonymous_4)
FNDA:0,(anonymous_5)
DA:26,0
DA:27,0
DA:28,0
DA:29,0
DA:30,0
DA:33,0
DA:35,0
DA:40,0
DA:50,0
DA:58,0
DA:63,0
DA:64,0
DA:92,0
DA:93,0
DA:109,0
LF:15
LH:0
BRF:0
BRH:0
end_of_record
TN:
SF:src/app/(main)/general/_layout.tsx
FN:3,GeneralTab_LAYOUT
FNF:1
FNH:0
FNDA:0,GeneralTab_LAYOUT
DA:4,0
LF:1
LH:0
BRF:0
BRH:0
end_of_record
TN:
SF:src/app/(main)/general/about.tsx
FN:21,About_PAGE
FN:31,(anonymous_1)
FN:39,(anonymous_2)
FN:89,(anonymous_3)
FNF:4
FNH:0
FNDA:0,About_PAGE
FNDA:0,(anonymous_1)
FNDA:0,(anonymous_2)
FNDA:0,(anonymous_3)
DA:22,0
DA:23,0
DA:31,0
DA:89,0
LF:4
LH:0
BRF:0
BRH:0
end_of_record
TN:
SF:src/app/(main)/general/contact.tsx
FN:64,Contact_PAGE
FN:81,(anonymous_1)
FN:134,(anonymous_2)
FN:144,(anonymous_3)
FN:152,(anonymous_4)
FN:229,(anonymous_5)
FN:237,(anonymous_6)
FN:258,(anonymous_7)
FN:273,(anonymous_8)
FN:288,(anonymous_9)
FN:303,(anonymous_10)
FN:319,(anonymous_11)
FN:334,(anonymous_12)
FN:363,(anonymous_13)
FN:370,(anonymous_14)
FN:396,(anonymous_15)
FN:402,(anonymous_16)
FN:431,(anonymous_17)
FN:437,(anonymous_18)
FN:489,USE_sendContactMessage
FN:492,(anonymous_20)
FN:495,(anonymous_21)
FN:500,(anonymous_22)
FN:587,ReceivedMessage_BLOCK
FNF:24
FNH:0
FNDA:0,Contact_PAGE
FNDA:0,(anonymous_1)
FNDA:0,(anonymous_2)
FNDA:0,(anonymous_3)
FNDA:0,(anonymous_4)
FNDA:0,(anonymous_5)
FNDA:0,(anonymous_6)
FNDA:0,(anonymous_7)
FNDA:0,(anonymous_8)
FNDA:0,(anonymous_9)
FNDA:0,(anonymous_10)
FNDA:0,(anonymous_11)
FNDA:0,(anonymous_12)
FNDA:0,(anonymous_13)
FNDA:0,(anonymous_14)
FNDA:0,(anonymous_15)
FNDA:0,(anonymous_16)
FNDA:0,(anonymous_17)
FNDA:0,(anonymous_18)
FNDA:0,USE_sendContactMessage
FNDA:0,(anonymous_20)
FNDA:0,(anonymous_21)
FNDA:0,(anonymous_22)
FNDA:0,ReceivedMessage_BLOCK
DA:49,0
DA:56,0
DA:65,0
DA:66,0
DA:67,0
DA:68,0
DA:69,0
DA:70,0
DA:71,0
DA:73,0
DA:74,0
DA:77,0
DA:79,0
DA:81,0
DA:82,0
DA:84,0
DA:92,0
DA:93,0
DA:96,0
DA:98,0
DA:99,0
DA:100,0
DA:101,0
DA:102,0
DA:103,0
DA:114,0
DA:131,0
DA:132,0
DA:134,0
DA:136,0
DA:144,0
DA:230,0
DA:231,0
DA:238,0
DA:239,0
DA:262,0
DA:274,0
DA:275,0
DA:289,0
DA:290,0
DA:304,0
DA:305,0
DA:320,0
DA:321,0
DA:335,0
DA:336,0
DA:367,0
DA:371,0
DA:372,0
DA:400,0
DA:403,0
DA:404,0
DA:435,0
DA:438,0
DA:439,0
DA:490,0
DA:491,0
DA:492,0
DA:494,0
DA:496,0
DA:500,0
DA:507,0
DA:509,0
DA:510,0
DA:511,0
DA:516,0
DA:517,0
DA:518,0
DA:523,0
DA:524,0
DA:525,0
DA:530,0
DA:531,0
DA:532,0
DA:537,0
DA:538,0
DA:539,0
DA:545,0
DA:547,0
DA:548,0
DA:561,0
DA:562,0
DA:563,0
DA:568,0
DA:574,0
DA:575,0
DA:580,0
DA:584,0
DA:594,0
LF:89
LH:0
BRDA:92,0,0,0
BRDA:92,0,1,0
BRDA:119,1,0,0
BRDA:119,1,1,0
BRDA:132,2,0,0
BRDA:132,2,1,0
BRDA:160,3,0,0
BRDA:160,3,1,0
BRDA:163,4,0,0
BRDA:163,4,1,0
BRDA:210,5,0,0
BRDA:210,5,1,0
BRDA:245,6,0,0
BRDA:245,6,1,0
BRDA:264,7,0,0
BRDA:264,7,1,0
BRDA:266,8,0,0
BRDA:266,8,1,0
BRDA:279,9,0,0
BRDA:279,9,1,0
BRDA:281,10,0,0
BRDA:281,10,1,0
BRDA:294,11,0,0
BRDA:294,11,1,0
BRDA:296,12,0,0
BRDA:296,12,1,0
BRDA:310,13,0,0
BRDA:310,13,1,0
BRDA:312,14,0,0
BRDA:312,14,1,0
BRDA:325,15,0,0
BRDA:325,15,1,0
BRDA:327,16,0,0
BRDA:327,16,1,0
BRDA:342,17,0,0
BRDA:342,17,1,0
BRDA:378,18,0,0
BRDA:378,18,1,0
BRDA:378,18,2,0
BRDA:383,19,0,0
BRDA:383,19,1,0
BRDA:409,20,0,0
BRDA:409,20,1,0
BRDA:409,20,2,0
BRDA:414,21,0,0
BRDA:414,21,1,0
BRDA:445,22,0,0
BRDA:445,22,1,0
BRDA:445,22,2,0
BRDA:450,23,0,0
BRDA:450,23,1,0
BRDA:509,24,0,0
BRDA:509,24,1,0
BRDA:516,25,0,0
BRDA:516,25,1,0
BRDA:523,26,0,0
BRDA:523,26,1,0
BRDA:530,27,0,0
BRDA:530,27,1,0
BRDA:537,28,0,0
BRDA:537,28,1,0
BRDA:561,29,0,0
BRDA:561,29,1,0
BRDA:597,30,0,0
BRDA:597,30,1,0
BRDA:599,31,0,0
BRDA:599,31,1,0
BRF:67
BRH:0
end_of_record
TN:
SF:src/app/(main)/general/getVocabs.tsx
FN:51,GetVocabs_PAGE
FN:68,(anonymous_1)
FN:93,(anonymous_2)
FN:101,(anonymous_3)
FN:131,(anonymous_4)
FN:161,(anonymous_5)
FN:162,(anonymous_6)
FN:163,(anonymous_7)
FN:224,USE_buyVocabs
FN:227,(anonymous_9)
FN:230,(anonymous_10)
FN:235,(anonymous_11)
FN:360,PurchaseCompleted_VIEW
FN:362,(anonymous_13)
FN:398,(anonymous_14)
FN:406,(anonymous_15)
FNF:16
FNH:0
FNDA:0,GetVocabs_PAGE
FNDA:0,(anonymous_1)
FNDA:0,(anonymous_2)
FNDA:0,(anonymous_3)
FNDA:0,(anonymous_4)
FNDA:0,(anonymous_5)
FNDA:0,(anonymous_6)
FNDA:0,(anonymous_7)
FNDA:0,USE_buyVocabs
FNDA:0,(anonymous_9)
FNDA:0,(anonymous_10)
FNDA:0,(anonymous_11)
FNDA:0,PurchaseCompleted_VIEW
FNDA:0,(anonymous_13)
FNDA:0,(anonymous_14)
FNDA:0,(anonymous_15)
DA:52,0
DA:53,0
DA:54,0
DA:55,0
DA:57,0
DA:59,0
DA:64,0
DA:66,0
DA:68,0
DA:69,0
DA:71,0
DA:72,0
DA:73,0
DA:74,0
DA:76,0
DA:77,0
DA:82,0
DA:85,0
DA:93,0
DA:131,0
DA:161,0
DA:162,0
DA:163,0
DA:225,0
DA:226,0
DA:227,0
DA:229,0
DA:231,0
DA:235,0
DA:242,0
DA:243,0
DA:244,0
DA:249,0
DA:250,0
DA:251,0
DA:257,0
DA:258,0
DA:264,0
DA:265,0
DA:266,0
DA:272,0
DA:275,0
DA:280,0
DA:281,0
DA:282,0
DA:286,0
DA:294,0
DA:304,0
DA:305,0
DA:306,0
DA:310,0
DA:317,0
DA:329,0
DA:330,0
DA:331,0
DA:335,0
DA:343,0
DA:344,0
DA:348,0
DA:350,0
DA:357,0
DA:367,0
DA:368,0
DA:399,0
DA:400,0
DA:407,0
DA:408,0
LF:67
LH:0
BRDA:69,0,0,0
BRDA:69,0,1,0
BRDA:76,1,0,0
BRDA:76,1,1,0
BRDA:107,2,0,0
BRDA:107,2,1,0
BRDA:120,3,0,0
BRDA:120,3,1,0
BRDA:128,4,0,0
BRDA:128,4,1,0
BRDA:135,5,0,0
BRDA:135,5,1,0
BRDA:140,6,0,0
BRDA:140,6,1,0
BRDA:140,7,0,0
BRDA:140,7,1,0
BRDA:145,8,0,0
BRDA:145,8,1,0
BRDA:146,9,0,0
BRDA:146,9,1,0
BRDA:242,10,0,0
BRDA:242,10,1,0
BRDA:249,11,0,0
BRDA:249,11,1,0
BRDA:249,12,0,0
BRDA:249,12,1,0
BRDA:249,12,2,0
BRDA:264,13,0,0
BRDA:264,13,1,0
BRDA:280,14,0,0
BRDA:280,14,1,0
BRDA:304,15,0,0
BRDA:304,15,1,0
BRDA:329,16,0,0
BRDA:329,16,1,0
BRDA:343,17,0,0
BRDA:343,17,1,0
BRDA:361,18,0,0
BRDA:362,19,0,0
BRF:39
BRH:0
end_of_record
TN:
SF:src/app/(main)/general/index.tsx
FN:56,General_PAGE
FN:68,(anonymous_1)
FN:92,(anonymous_2)
FN:96,(anonymous_3)
FN:137,(anonymous_4)
FN:165,(anonymous_5)
FN:168,(anonymous_6)
FN:177,(anonymous_7)
FN:192,(anonymous_8)
FN:199,(anonymous_9)
FN:207,(anonymous_10)
FN:215,(anonymous_11)
FN:222,(anonymous_12)
FN:229,(anonymous_13)
FN:237,(anonymous_14)
FN:242,(anonymous_15)
FN:250,(anonymous_16)
FN:252,(anonymous_17)
FN:253,(anonymous_18)
FN:259,(anonymous_19)
FN:261,(anonymous_20)
FN:268,SOFT_DELETE_userOnSupabase
FN:296,(anonymous_22)
FN:302,(anonymous_23)
FN:306,(anonymous_24)
FN:307,(anonymous_25)
FN:309,(anonymous_26)
FN:310,(anonymous_27)
FN:314,(anonymous_28)
FN:314,(anonymous_29)
FNF:30
FNH:0
FNDA:0,General_PAGE
FNDA:0,(anonymous_1)
FNDA:0,(anonymous_2)
FNDA:0,(anonymous_3)
FNDA:0,(anonymous_4)
FNDA:0,(anonymous_5)
FNDA:0,(anonymous_6)
FNDA:0,(anonymous_7)
FNDA:0,(anonymous_8)
FNDA:0,(anonymous_9)
FNDA:0,(anonymous_10)
FNDA:0,(anonymous_11)
FNDA:0,(anonymous_12)
FNDA:0,(anonymous_13)
FNDA:0,(anonymous_14)
FNDA:0,(anonymous_15)
FNDA:0,(anonymous_16)
FNDA:0,(anonymous_17)
FNDA:0,(anonymous_18)
FNDA:0,(anonymous_19)
FNDA:0,(anonymous_20)
FNDA:0,SOFT_DELETE_userOnSupabase
FNDA:0,(anonymous_22)
FNDA:0,(anonymous_23)
FNDA:0,(anonymous_24)
FNDA:0,(anonymous_25)
FNDA:0,(anonymous_26)
FNDA:0,(anonymous_27)
FNDA:0,(anonymous_28)
FNDA:0,(anonymous_29)
DA:57,0
DA:58,0
DA:59,0
DA:62,0
DA:66,0
DA:68,0
DA:69,0
DA:70,0
DA:72,0
DA:73,0
DA:74,0
DA:77,0
DA:78,0
DA:87,0
DA:92,0
DA:93,0
DA:96,0
DA:97,0
DA:98,0
DA:100,0
DA:101,0
DA:102,0
DA:104,0
DA:109,0
DA:110,0
DA:112,0
DA:113,0
DA:122,0
DA:127,0
DA:129,0
DA:131,0
DA:138,0
DA:165,0
DA:177,0
DA:192,0
DA:199,0
DA:207,0
DA:215,0
DA:222,0
DA:229,0
DA:237,0
DA:242,0
DA:250,0
DA:253,0
DA:259,0
DA:261,0
DA:269,0
DA:275,0
DA:280,0
DA:286,0
DA:291,0
DA:292,0
DA:293,0
DA:296,0
DA:297,0
DA:302,0
DA:303,0
DA:305,0
DA:307,0
DA:310,0
DA:314,0
DA:317,0
LF:62
LH:0
BRDA:69,0,0,0
BRDA:69,0,1,0
BRDA:73,1,0,0
BRDA:73,1,1,0
BRDA:93,2,0,0
BRDA:93,2,1,0
BRDA:97,3,0,0
BRDA:97,3,1,0
BRDA:109,4,0,0
BRDA:109,4,1,0
BRDA:147,5,0,0
BRDA:147,5,1,0
BRDA:147,6,0,0
BRDA:147,6,1,0
BRDA:154,7,0,0
BRDA:154,7,1,0
BRDA:155,8,0,0
BRDA:155,8,1,0
BRDA:184,9,0,0
BRDA:184,9,1,0
BRDA:184,9,2,0
BRDA:269,10,0,0
BRDA:269,10,1,0
BRDA:291,11,0,0
BRDA:291,11,1,0
BRDA:292,12,0,0
BRDA:292,12,1,0
BRDA:293,13,0,0
BRDA:293,13,1,0
BRDA:303,14,0,0
BRDA:303,14,1,0
BRF:31
BRH:0
end_of_record
TN:
SF:src/app/(main)/general/inviteFriends.tsx
FN:26,InviteFriends_PAGE
FN:55,(anonymous_1)
FN:72,(anonymous_2)
FN:73,(anonymous_3)
FN:87,(anonymous_4)
FN:95,(anonymous_5)
FN:123,(anonymous_6)
FN:151,(anonymous_7)
FN:162,(anonymous_8)
FN:189,(anonymous_9)
FN:190,(anonymous_10)
FN:201,USE_awardFriendForInvitation
FN:204,(anonymous_12)
FN:207,(anonymous_13)
FN:212,(anonymous_14)
FNF:15
FNH:0
FNDA:0,InviteFriends_PAGE
FNDA:0,(anonymous_1)
FNDA:0,(anonymous_2)
FNDA:0,(anonymous_3)
FNDA:0,(anonymous_4)
FNDA:0,(anonymous_5)
FNDA:0,(anonymous_6)
FNDA:0,(anonymous_7)
FNDA:0,(anonymous_8)
FNDA:0,(anonymous_9)
FNDA:0,(anonymous_10)
FNDA:0,USE_awardFriendForInvitation
FNDA:0,(anonymous_12)
FNDA:0,(anonymous_13)
FNDA:0,(anonymous_14)
DA:27,0
DA:28,0
DA:29,0
DA:32,0
DA:34,0
DA:42,0
DA:51,0
DA:53,0
DA:55,0
DA:56,0
DA:58,0
DA:59,0
DA:60,0
DA:64,0
DA:65,0
DA:68,0
DA:69,0
DA:72,0
DA:73,0
DA:74,0
DA:75,0
DA:79,0
DA:87,0
DA:123,0
DA:151,0
DA:162,0
DA:189,0
DA:191,0
DA:192,0
DA:193,0
DA:202,0
DA:203,0
DA:204,0
DA:206,0
DA:208,0
DA:212,0
DA:216,0
DA:217,0
DA:218,0
DA:223,0
DA:224,0
DA:225,0
DA:231,0
DA:233,0
DA:234,0
DA:239,0
DA:240,0
DA:241,0
DA:246,0
DA:251,0
DA:252,0
DA:257,0
DA:261,0
LF:53
LH:0
BRDA:56,0,0,0
BRDA:56,0,1,0
BRDA:56,1,0,0
BRDA:56,1,1,0
BRDA:56,1,2,0
BRDA:64,2,0,0
BRDA:64,2,1,0
BRDA:75,3,0,0
BRDA:75,3,1,0
BRDA:108,4,0,0
BRDA:108,4,1,0
BRDA:120,5,0,0
BRDA:120,5,1,0
BRDA:124,6,0,0
BRDA:124,6,1,0
BRDA:126,7,0,0
BRDA:126,7,1,0
BRDA:130,8,0,0
BRDA:130,8,1,0
BRDA:139,9,0,0
BRDA:139,9,1,0
BRDA:146,10,0,0
BRDA:146,10,1,0
BRDA:154,11,0,0
BRDA:154,11,1,0
BRDA:156,12,0,0
BRDA:156,12,1,0
BRDA:170,13,0,0
BRDA:170,13,1,0
BRDA:173,14,0,0
BRDA:173,14,1,0
BRDA:191,15,0,0
BRDA:191,15,1,0
BRDA:216,16,0,0
BRDA:216,16,1,0
BRDA:223,17,0,0
BRDA:223,17,1,0
BRDA:239,18,0,0
BRDA:239,18,1,0
BRF:39
BRH:0
end_of_record
TN:
SF:src/app/(main)/general/notifications.tsx
FN:38,(anonymous_0)
FN:43,Notifications_PAGE
FN:65,(anonymous_2)
FN:73,(anonymous_3)
FN:80,(anonymous_4)
FN:84,(anonymous_5)
FN:90,(anonymous_6)
FN:96,TRANSFORM_dateObject
FN:129,Notification_BTN
FN:148,(anonymous_9)
FN:155,(anonymous_10)
FN:191,(anonymous_11)
FN:198,(anonymous_12)
FNF:13
FNH:0
FNDA:0,(anonymous_0)
FNDA:0,Notifications_PAGE
FNDA:0,(anonymous_2)
FNDA:0,(anonymous_3)
FNDA:0,(anonymous_4)
FNDA:0,(anonymous_5)
FNDA:0,(anonymous_6)
FNDA:0,TRANSFORM_dateObject
FNDA:0,Notification_BTN
FNDA:0,(anonymous_9)
FNDA:0,(anonymous_10)
FNDA:0,(anonymous_11)
FNDA:0,(anonymous_12)
DA:36,0
DA:38,0
DA:44,0
DA:45,0
DA:47,0
DA:54,0
DA:57,0
DA:65,0
DA:81,0
DA:85,0
DA:90,0
DA:97,0
DA:113,0
DA:116,0
DA:117,0
DA:118,0
DA:121,0
DA:122,0
DA:123,0
DA:126,0
DA:136,0
DA:138,0
DA:148,0
DA:156,0
DA:192,0
DA:193,0
DA:194,0
DA:198,0
DA:207,0
LF:29
LH:0
BRDA:142,0,0,0
BRDA:142,0,1,0
BRDA:143,1,0,0
BRDA:143,1,1,0
BRDA:143,1,2,0
BRDA:150,2,0,0
BRDA:150,2,1,0
BRDA:151,3,0,0
BRDA:151,3,1,0
BRDA:151,3,2,0
BRDA:152,4,0,0
BRDA:152,4,1,0
BRDA:152,4,2,0
BRDA:153,5,0,0
BRDA:153,5,1,0
BRDA:156,6,0,0
BRDA:156,6,1,0
BRDA:162,7,0,0
BRDA:162,7,1,0
BRDA:171,8,0,0
BRDA:171,8,1,0
BRDA:173,9,0,0
BRDA:173,9,1,0
BRDA:173,9,2,0
BRDA:182,10,0,0
BRDA:182,10,1,0
BRDA:189,11,0,0
BRDA:189,11,1,0
BRDA:193,12,0,0
BRDA:193,12,1,0
BRF:30
BRH:0
end_of_record
TN:
SF:src/app/(main)/general/payments.tsx
FN:38,Payments_PAGE
FN:52,(anonymous_1)
FN:60,(anonymous_2)
FN:67,(anonymous_3)
FN:90,(anonymous_4)
FN:96,TRANSFORM_dateObject
FN:133,Payment
FNF:7
FNH:0
FNDA:0,Payments_PAGE
FNDA:0,(anonymous_1)
FNDA:0,(anonymous_2)
FNDA:0,(anonymous_3)
FNDA:0,(anonymous_4)
FNDA:0,TRANSFORM_dateObject
FNDA:0,Payment
DA:39,0
DA:40,0
DA:42,0
DA:44,0
DA:52,0
DA:68,0
DA:90,0
DA:97,0
DA:113,0
DA:116,0
DA:117,0
DA:118,0
DA:121,0
DA:123,0
DA:128,0
DA:134,0
DA:160,0
LF:17
LH:0
BRDA:71,0,0,0
BRDA:71,0,1,0
BRDA:123,1,0,0
BRDA:123,1,1,0
BRDA:123,1,2,0
BRDA:128,2,0,0
BRDA:128,2,1,0
BRDA:147,3,0,0
BRDA:147,3,1,0
BRF:9
BRH:0
end_of_record
TN:
SF:src/app/(main)/general/privacy.tsx
FN:11,Privacy_PAGE
FN:22,(anonymous_1)
FN:30,(anonymous_2)
FNF:3
FNH:0
FNDA:0,Privacy_PAGE
FNDA:0,(anonymous_1)
FNDA:0,(anonymous_2)
DA:12,0
DA:14,0
DA:22,0
LF:3
LH:0
BRF:0
BRH:0
end_of_record
TN:
SF:src/app/(main)/general/settings.tsx
FN:43,Settings_PAGE
FN:48,(anonymous_1)
FN:58,(anonymous_2)
FN:78,(anonymous_3)
FN:86,(anonymous_4)
FN:94,(anonymous_5)
FN:100,(anonymous_6)
FN:112,(anonymous_7)
FN:120,(anonymous_8)
FN:127,(anonymous_9)
FN:128,(anonymous_10)
FN:140,Edit_BLOCK
FNF:12
FNH:0
FNDA:0,Settings_PAGE
FNDA:0,(anonymous_1)
FNDA:0,(anonymous_2)
FNDA:0,(anonymous_3)
FNDA:0,(anonymous_4)
FNDA:0,(anonymous_5)
FNDA:0,(anonymous_6)
FNDA:0,(anonymous_7)
FNDA:0,(anonymous_8)
FNDA:0,(anonymous_9)
FNDA:0,(anonymous_10)
FNDA:0,Edit_BLOCK
DA:44,0
DA:45,0
DA:46,0
DA:48,0
DA:49,0
DA:50,0
DA:51,0
DA:52,0
DA:53,0
DA:54,0
DA:58,0
DA:60,0
DA:68,0
DA:70,0
DA:78,0
DA:94,0
DA:100,0
DA:112,0
DA:120,0
DA:127,0
DA:129,0
DA:130,0
DA:151,0
LF:23
LH:0
BRDA:49,0,0,0
BRDA:49,0,1,0
BRDA:51,1,0,0
BRDA:51,1,1,0
BRDA:111,2,0,0
BRDA:111,2,1,0
BRDA:119,3,0,0
BRDA:119,3,1,0
BRDA:143,4,0,0
BRDA:157,5,0,0
BRDA:157,5,1,0
BRDA:160,6,0,0
BRDA:160,6,1,0
BRDA:162,7,0,0
BRDA:162,7,1,0
BRF:15
BRH:0
end_of_record
TN:
SF:src/app/(main)/vocabs/[list_id].tsx
FN:59,__SingleList_PAGE
FN:96,HANDLE_updateModal
FN:133,(anonymous_2)
FN:134,(anonymous_3)
FN:135,(anonymous_4)
FN:136,(anonymous_5)
FN:149,(anonymous_6)
FN:170,(anonymous_7)
FN:178,(anonymous_8)
FN:179,(anonymous_9)
FN:192,(anonymous_10)
FN:193,(anonymous_11)
FN:207,(anonymous_12)
FN:208,(anonymous_13)
FN:220,(anonymous_14)
FN:227,(anonymous_15)
FN:228,(anonymous_16)
FN:234,(anonymous_17)
FN:235,(anonymous_18)
FN:248,SingleList_PAGE
FN:272,(anonymous_20)
FNF:21
FNH:0
FNDA:0,__SingleList_PAGE
FNDA:0,HANDLE_updateModal
FNDA:0,(anonymous_2)
FNDA:0,(anonymous_3)
FNDA:0,(anonymous_4)
FNDA:0,(anonymous_5)
FNDA:0,(anonymous_6)
FNDA:0,(anonymous_7)
FNDA:0,(anonymous_8)
FNDA:0,(anonymous_9)
FNDA:0,(anonymous_10)
FNDA:0,(anonymous_11)
FNDA:0,(anonymous_12)
FNDA:0,(anonymous_13)
FNDA:0,(anonymous_14)
FNDA:0,(anonymous_15)
FNDA:0,(anonymous_16)
FNDA:0,(anonymous_17)
FNDA:0,(anonymous_18)
FNDA:0,SingleList_PAGE
FNDA:0,(anonymous_20)
DA:66,0
DA:67,0
DA:68,0
DA:69,0
DA:72,0
DA:74,0
DA:75,0
DA:76,0
DA:77,0
DA:78,0
DA:80,0
DA:84,0
DA:92,0
DA:103,0
DA:104,0
DA:117,0
DA:126,0
DA:128,0
DA:133,0
DA:134,0
DA:135,0
DA:136,0
DA:150,0
DA:151,0
DA:170,0
DA:178,0
DA:180,0
DA:192,0
DA:194,0
DA:195,0
DA:196,0
DA:197,0
DA:198,0
DA:207,0
DA:209,0
DA:210,0
DA:212,0
DA:220,0
DA:227,0
DA:228,0
DA:234,0
DA:236,0
DA:240,0
DA:241,0
DA:249,0
DA:272,0
DA:280,0
DA:283,0
LF:48
LH:0
BRDA:60,0,0,0
BRDA:61,1,0,0
BRDA:97,2,0,0
BRDA:103,3,0,0
BRDA:103,3,1,0
BRDA:103,4,0,0
BRDA:103,4,1,0
BRDA:119,5,0,0
BRDA:119,5,1,0
BRDA:221,6,0,0
BRDA:221,6,1,0
BRDA:240,7,0,0
BRDA:240,7,1,0
BRDA:275,8,0,0
BRDA:275,8,1,0
BRF:15
BRH:0
end_of_record
TN:
SF:src/app/(main)/vocabs/_layout.tsx
FN:4,VocabsTab_LAYOUT
FNF:1
FNH:0
FNDA:0,VocabsTab_LAYOUT
DA:5,0
LF:1
LH:0
BRF:0
BRH:0
end_of_record
TN:
SF:src/app/(main)/vocabs/all_vocabs.tsx
FN:44,AllVocabs_PAGE
FN:74,HANDLE_updateModal
FN:108,(anonymous_2)
FN:109,(anonymous_3)
FN:110,(anonymous_4)
FN:118,(anonymous_5)
FN:138,(anonymous_6)
FN:146,(anonymous_7)
FN:147,(anonymous_8)
FN:159,(anonymous_9)
FN:160,(anonymous_10)
FN:173,(anonymous_11)
FN:174,(anonymous_12)
FN:186,(anonymous_13)
FN:193,(anonymous_14)
FN:194,(anonymous_15)
FNF:16
FNH:0
FNDA:0,AllVocabs_PAGE
FNDA:0,HANDLE_updateModal
FNDA:0,(anonymous_2)
FNDA:0,(anonymous_3)
FNDA:0,(anonymous_4)
FNDA:0,(anonymous_5)
FNDA:0,(anonymous_6)
FNDA:0,(anonymous_7)
FNDA:0,(anonymous_8)
FNDA:0,(anonymous_9)
FNDA:0,(anonymous_10)
FNDA:0,(anonymous_11)
FNDA:0,(anonymous_12)
FNDA:0,(anonymous_13)
FNDA:0,(anonymous_14)
FNDA:0,(anonymous_15)
DA:45,0
DA:46,0
DA:47,0
DA:50,0
DA:52,0
DA:53,0
DA:54,0
DA:55,0
DA:56,0
DA:60,0
DA:62,0
DA:70,0
DA:81,0
DA:82,0
DA:95,0
DA:103,0
DA:108,0
DA:109,0
DA:110,0
DA:119,0
DA:120,0
DA:138,0
DA:146,0
DA:148,0
DA:159,0
DA:161,0
DA:162,0
DA:163,0
DA:164,0
DA:173,0
DA:175,0
DA:176,0
DA:178,0
DA:186,0
DA:193,0
DA:195,0
DA:199,0
DA:200,0
LF:38
LH:0
BRDA:75,0,0,0
BRDA:81,1,0,0
BRDA:81,1,1,0
BRDA:81,2,0,0
BRDA:81,2,1,0
BRDA:199,3,0,0
BRDA:199,3,1,0
BRF:7
BRH:0
end_of_record
TN:
SF:src/app/(main)/vocabs/deleted_vocabs.tsx
FN:44,DeletedVocabs_PAGE
FN:79,HANDLE_updateModal
FN:112,(anonymous_2)
FN:113,(anonymous_3)
FN:114,(anonymous_4)
FN:122,(anonymous_5)
FN:126,(anonymous_6)
FN:153,(anonymous_7)
FN:154,(anonymous_8)
FN:167,(anonymous_9)
FN:176,(anonymous_10)
FN:181,(anonymous_11)
FNF:12
FNH:0
FNDA:0,DeletedVocabs_PAGE
FNDA:0,HANDLE_updateModal
FNDA:0,(anonymous_2)
FNDA:0,(anonymous_3)
FNDA:0,(anonymous_4)
FNDA:0,(anonymous_5)
FNDA:0,(anonymous_6)
FNDA:0,(anonymous_7)
FNDA:0,(anonymous_8)
FNDA:0,(anonymous_9)
FNDA:0,(anonymous_10)
FNDA:0,(anonymous_11)
DA:45,0
DA:46,0
DA:47,0
DA:50,0
DA:52,0
DA:53,0
DA:54,0
DA:55,0
DA:56,0
DA:60,0
DA:64,0
DA:66,0
DA:75,0
DA:86,0
DA:87,0
DA:99,0
DA:107,0
DA:112,0
DA:113,0
DA:114,0
DA:123,0
DA:124,0
DA:127,0
DA:128,0
DA:153,0
DA:155,0
DA:168,0
DA:169,0
DA:170,0
DA:171,0
DA:176,0
DA:181,0
LF:32
LH:0
BRDA:80,0,0,0
BRDA:86,1,0,0
BRDA:86,1,1,0
BRDA:86,2,0,0
BRDA:86,2,1,0
BRF:5
BRH:0
end_of_record
TN:
SF:src/app/(main)/vocabs/index.tsx
FN:37,Index_PAGE
FN:60,resetDatabase
FN:68,(anonymous_2)
FN:75,(anonymous_3)
FN:77,(anonymous_4)
FN:85,(anonymous_5)
FN:92,(anonymous_6)
FN:101,(anonymous_7)
FN:106,(anonymous_8)
FN:107,(anonymous_9)
FN:113,(anonymous_10)
FN:117,(anonymous_11)
FN:131,(anonymous_12)
FN:141,(anonymous_13)
FN:146,(anonymous_14)
FN:152,(anonymous_15)
FN:162,(anonymous_16)
FN:168,(anonymous_17)
FN:177,(anonymous_18)
FN:181,(anonymous_19)
FN:182,(anonymous_20)
FN:184,(anonymous_21)
FN:185,(anonymous_22)
FN:187,(anonymous_23)
FN:188,(anonymous_24)
FN:190,(anonymous_25)
FN:191,(anonymous_26)
FN:193,(anonymous_27)
FN:194,(anonymous_28)
FN:198,(anonymous_29)
FN:198,(anonymous_30)
FNF:31
FNH:0
FNDA:0,Index_PAGE
FNDA:0,resetDatabase
FNDA:0,(anonymous_2)
FNDA:0,(anonymous_3)
FNDA:0,(anonymous_4)
FNDA:0,(anonymous_5)
FNDA:0,(anonymous_6)
FNDA:0,(anonymous_7)
FNDA:0,(anonymous_8)
FNDA:0,(anonymous_9)
FNDA:0,(anonymous_10)
FNDA:0,(anonymous_11)
FNDA:0,(anonymous_12)
FNDA:0,(anonymous_13)
FNDA:0,(anonymous_14)
FNDA:0,(anonymous_15)
FNDA:0,(anonymous_16)
FNDA:0,(anonymous_17)
FNDA:0,(anonymous_18)
FNDA:0,(anonymous_19)
FNDA:0,(anonymous_20)
FNDA:0,(anonymous_21)
FNDA:0,(anonymous_22)
FNDA:0,(anonymous_23)
FNDA:0,(anonymous_24)
FNDA:0,(anonymous_25)
FNDA:0,(anonymous_26)
FNDA:0,(anonymous_27)
FNDA:0,(anonymous_28)
FNDA:0,(anonymous_29)
FNDA:0,(anonymous_30)
DA:44,0
DA:45,0
DA:53,0
DA:55,0
DA:58,0
DA:61,0
DA:62,0
DA:63,0
DA:64,0
DA:66,0
DA:67,0
DA:68,0
DA:69,0
DA:72,0
DA:75,0
DA:76,0
DA:77,0
DA:78,0
DA:79,0
DA:80,0
DA:84,0
DA:85,0
DA:86,0
DA:92,0
DA:95,0
DA:98,0
DA:101,0
DA:106,0
DA:107,0
DA:114,0
DA:117,0
DA:131,0
DA:141,0
DA:146,0
DA:152,0
DA:162,0
DA:168,0
DA:169,0
DA:177,0
DA:178,0
DA:180,0
DA:182,0
DA:185,0
DA:188,0
DA:191,0
DA:194,0
DA:198,0
DA:201,0
LF:48
LH:0
BRDA:63,0,0,0
BRDA:63,0,1,0
BRDA:76,1,0,0
BRDA:76,1,1,0
BRDA:76,2,0,0
BRDA:76,2,1,0
BRDA:112,3,0,0
BRDA:112,3,1,0
BRDA:178,4,0,0
BRDA:178,4,1,0
BRF:10
BRH:0
end_of_record
TN:
SF:src/app/(main)/vocabs/lists.tsx
FN:49,MyLists_PAGE
FN:76,PREPARE_listRename
FN:80,PREPADE_deleteList
FN:109,(anonymous_3)
FN:110,(anonymous_4)
FN:111,(anonymous_5)
FN:135,(anonymous_6)
FN:137,(anonymous_7)
FN:138,(anonymous_8)
FN:155,(anonymous_9)
FN:156,(anonymous_10)
FN:172,(anonymous_11)
FN:173,(anonymous_12)
FN:186,(anonymous_13)
FN:187,(anonymous_14)
FN:199,(anonymous_15)
FNF:16
FNH:0
FNDA:0,MyLists_PAGE
FNDA:0,PREPARE_listRename
FNDA:0,PREPADE_deleteList
FNDA:0,(anonymous_3)
FNDA:0,(anonymous_4)
FNDA:0,(anonymous_5)
FNDA:0,(anonymous_6)
FNDA:0,(anonymous_7)
FNDA:0,(anonymous_8)
FNDA:0,(anonymous_9)
FNDA:0,(anonymous_10)
FNDA:0,(anonymous_11)
FNDA:0,(anonymous_12)
FNDA:0,(anonymous_13)
FNDA:0,(anonymous_14)
FNDA:0,(anonymous_15)
DA:50,0
DA:52,0
DA:53,0
DA:55,0
DA:56,0
DA:57,0
DA:59,0
DA:60,0
DA:65,0
DA:66,0
DA:67,0
DA:69,0
DA:77,0
DA:78,0
DA:81,0
DA:82,0
DA:84,0
DA:85,0
DA:97,0
DA:104,0
DA:109,0
DA:110,0
DA:111,0
DA:135,0
DA:137,0
DA:138,0
DA:155,0
DA:157,0
DA:158,0
DA:160,0
DA:161,0
DA:172,0
DA:174,0
DA:175,0
DA:176,0
DA:186,0
DA:188,0
DA:189,0
DA:190,0
DA:191,0
DA:199,0
LF:41
LH:0
BRDA:174,0,0,0
BRDA:174,0,1,0
BRDA:188,1,0,0
BRDA:188,1,1,0
BRDA:198,2,0,0
BRDA:198,2,1,0
BRDA:200,3,0,0
BRDA:200,3,1,0
BRF:8
BRH:0
end_of_record
TN:
SF:src/app/(main)/vocabs/marked_vocabs.tsx
FN:44,SavedVocabs_PAGE
FN:74,HANDLE_updateModal
FN:108,(anonymous_2)
FN:109,(anonymous_3)
FN:110,(anonymous_4)
FN:118,(anonymous_5)
FN:145,(anonymous_6)
FN:146,(anonymous_7)
FN:158,(anonymous_8)
FN:159,(anonymous_9)
FN:172,(anonymous_10)
FN:173,(anonymous_11)
FN:185,(anonymous_12)
FN:192,(anonymous_13)
FN:193,(anonymous_14)
FNF:15
FNH:0
FNDA:0,SavedVocabs_PAGE
FNDA:0,HANDLE_updateModal
FNDA:0,(anonymous_2)
FNDA:0,(anonymous_3)
FNDA:0,(anonymous_4)
FNDA:0,(anonymous_5)
FNDA:0,(anonymous_6)
FNDA:0,(anonymous_7)
FNDA:0,(anonymous_8)
FNDA:0,(anonymous_9)
FNDA:0,(anonymous_10)
FNDA:0,(anonymous_11)
FNDA:0,(anonymous_12)
FNDA:0,(anonymous_13)
FNDA:0,(anonymous_14)
DA:45,0
DA:46,0
DA:47,0
DA:50,0
DA:52,0
DA:53,0
DA:54,0
DA:55,0
DA:56,0
DA:60,0
DA:62,0
DA:70,0
DA:81,0
DA:82,0
DA:95,0
DA:103,0
DA:108,0
DA:109,0
DA:110,0
DA:119,0
DA:120,0
DA:145,0
DA:147,0
DA:158,0
DA:160,0
DA:161,0
DA:162,0
DA:163,0
DA:172,0
DA:174,0
DA:175,0
DA:177,0
DA:185,0
DA:192,0
DA:194,0
DA:198,0
DA:199,0
LF:37
LH:0
BRDA:75,0,0,0
BRDA:81,1,0,0
BRDA:81,1,1,0
BRDA:81,2,0,0
BRDA:81,2,1,0
BRDA:198,3,0,0
BRDA:198,3,1,0
BRF:7
BRH:0
end_of_record
TN:
SF:src/components/BottomAction_SECTION.tsx
FN:12,BottomAction_SECTION
FN:21,(anonymous_1)
FN:22,(anonymous_2)
FN:23,(anonymous_3)
FN:105,(anonymous_4)
FN:120,(anonymous_5)
FNF:6
FNH:0
FNDA:0,BottomAction_SECTION
FNDA:0,(anonymous_1)
FNDA:0,(anonymous_2)
FNDA:0,(anonymous_3)
FNDA:0,(anonymous_4)
FNDA:0,(anonymous_5)
DA:37,0
DA:106,0
DA:107,0
DA:121,0
DA:122,0
LF:5
LH:0
BRDA:13,0,0,0
BRDA:14,1,0,0
BRDA:15,2,0,0
BRDA:16,3,0,0
BRDA:17,4,0,0
BRDA:18,5,0,0
BRDA:19,6,0,0
BRDA:21,7,0,0
BRDA:22,8,0,0
BRDA:23,9,0,0
BRDA:39,10,0,0
BRDA:39,10,1,0
BRDA:39,10,2,0
BRDA:59,11,0,0
BRDA:59,11,1,0
BRDA:72,12,0,0
BRDA:72,12,1,0
BRDA:74,13,0,0
BRDA:74,13,1,0
BRDA:81,14,0,0
BRDA:81,14,1,0
BRDA:81,14,2,0
BRDA:81,14,3,0
BRDA:81,14,4,0
BRDA:91,15,0,0
BRDA:91,15,1,0
BRDA:91,15,2,0
BRDA:91,15,3,0
BRDA:91,15,4,0
BRDA:102,16,0,0
BRDA:102,16,1,0
BRDA:102,16,2,0
BRDA:102,16,3,0
BRDA:112,17,0,0
BRDA:112,17,1,0
BRDA:112,17,2,0
BRDA:112,17,3,0
BRDA:116,18,0,0
BRDA:116,18,1,0
BRDA:118,19,0,0
BRDA:118,19,1,0
BRDA:121,20,0,0
BRDA:121,20,1,0
BRF:43
BRH:0
end_of_record
TN:
SF:src/components/CurrentVocabCount_BAR.tsx
FN:9,CurrentVocabCount_BAR
FNF:1
FNH:0
FNDA:0,CurrentVocabCount_BAR
DA:19,0
DA:21,0
LF:2
LH:0
BRDA:10,0,0,0
BRDA:11,1,0,0
BRDA:12,2,0,0
BRDA:32,3,0,0
BRDA:32,3,1,0
BRDA:54,4,0,0
BRDA:54,4,1,0
BRF:7
BRH:0
end_of_record
TN:
SF:src/components/Error_SECTION.tsx
FN:10,Error_SECTION
FNF:1
FNH:0
FNDA:0,Error_SECTION
DA:19,0
LF:1
LH:0
BRDA:11,0,0,0
BRDA:12,1,0,0
BRDA:49,2,0,0
BRDA:49,2,1,0
BRF:4
BRH:0
end_of_record
TN:
SF:src/components/Expandable_BTN.tsx
FN:13,Expandable_BTN
FN:27,(anonymous_1)
FN:34,(anonymous_2)
FN:54,(anonymous_3)
FNF:4
FNH:0
FNDA:0,Expandable_BTN
FNDA:0,(anonymous_1)
FNDA:0,(anonymous_2)
FNDA:0,(anonymous_3)
DA:22,0
DA:24,0
DA:27,0
DA:35,0
DA:54,0
DA:64,0
LF:6
LH:0
BRDA:25,0,0,0
BRDA:25,0,1,0
BRDA:30,1,0,0
BRDA:30,1,1,0
BRDA:30,1,2,0
BRDA:32,2,0,0
BRDA:32,2,1,0
BRDA:35,3,0,0
BRDA:35,3,1,0
BRDA:44,4,0,0
BRDA:44,4,1,0
BRDA:46,5,0,0
BRDA:46,5,1,0
BRDA:48,6,0,0
BRDA:48,6,1,0
BRDA:50,7,0,0
BRDA:50,7,1,0
BRF:17
BRH:0
end_of_record
TN:
SF:src/components/ExplorePage_BTN.tsx
FN:10,ExplorePage_BTN
FN:13,(anonymous_1)
FNF:2
FNH:0
FNDA:0,ExplorePage_BTN
FNDA:0,(anonymous_1)
DA:19,0
LF:1
LH:0
BRDA:11,0,0,0
BRDA:12,1,0,0
BRDA:13,2,0,0
BRF:3
BRH:0
end_of_record
TN:
SF:src/components/ExporeSingleList_SUBNAV.tsx
FN:15,ExporeSingleList_SUBNAV
FN:42,(anonymous_1)
FNF:2
FNH:0
FNDA:0,ExporeSingleList_SUBNAV
FNDA:0,(anonymous_1)
DA:26,0
DA:27,0
DA:29,0
DA:43,0
LF:4
LH:0
BRDA:35,0,0,0
BRDA:35,0,1,0
BRDA:43,1,0,0
BRDA:43,1,1,0
BRF:4
BRH:0
end_of_record
TN:
SF:src/components/Flashlist_LABEL.tsx
FN:9,Flashlist_LABEL
FN:25,(anonymous_1)
FN:37,(anonymous_2)
FNF:3
FNH:0
FNDA:0,Flashlist_LABEL
FNDA:0,(anonymous_1)
FNDA:0,(anonymous_2)
DA:24,0
DA:26,0
DA:37,0
DA:39,0
DA:41,0
DA:42,0
DA:44,0
DA:49,0
DA:51,0
DA:57,0
DA:59,0
DA:60,0
DA:62,0
DA:67,0
DA:70,0
LF:15
LH:0
BRDA:10,0,0,0
BRDA:11,1,0,0
BRDA:12,2,0,0
BRDA:13,3,0,0
BRDA:14,4,0,0
BRDA:15,5,0,0
BRDA:26,6,0,0
BRDA:26,6,1,0
BRDA:28,7,0,0
BRDA:28,7,1,0
BRDA:30,8,0,0
BRDA:30,8,1,0
BRDA:32,9,0,0
BRDA:32,9,1,0
BRDA:39,10,0,0
BRDA:39,10,1,0
BRDA:39,10,2,0
BRDA:39,10,3,0
BRDA:39,10,4,0
BRDA:63,11,0,0
BRDA:63,11,1,0
BRF:21
BRH:0
end_of_record
TN:
SF:src/components/Flatlist_HEADER.tsx
FN:9,Flatlist_HEADER
FNF:1
FNH:0
FNDA:0,Flatlist_HEADER
DA:10,0
LF:1
LH:0
BRF:0
BRH:0
end_of_record
TN:
SF:src/components/Pricing_BTN.tsx
FN:11,Pricing_BTN
FN:60,(anonymous_1)
FNF:2
FNH:0
FNDA:0,Pricing_BTN
FNDA:0,(anonymous_1)
DA:18,0
DA:20,0
DA:61,0
LF:3
LH:0
BRDA:12,0,0,0
BRDA:45,1,0,0
BRDA:45,1,1,0
BRF:3
BRH:0
end_of_record
TN:
SF:src/components/Skeleton_VIEW.tsx
FN:9,Skeleton_VIEW
FN:20,Skeleton
FN:23,(anonymous_2)
FN:24,(anonymous_3)
FNF:4
FNH:0
FNDA:0,Skeleton_VIEW
FNDA:0,Skeleton
FNDA:0,(anonymous_2)
FNDA:0,(anonymous_3)
DA:10,0
DA:21,0
DA:23,0
DA:24,0
DA:25,0
DA:42,0
DA:45,0
DA:50,0
LF:8
LH:0
BRF:0
BRH:0
end_of_record
TN:
SF:src/components/multiselect_GRI.tsx
FN:8,(anonymous_0)
FN:12,(anonymous_1)
FN:35,(anonymous_2)
FNF:3
FNH:0
FNDA:0,(anonymous_0)
FNDA:0,(anonymous_1)
FNDA:0,(anonymous_2)
DA:4,0
DA:5,0
DA:6,0
DA:8,0
DA:9,0
DA:12,0
DA:13,0
DA:16,0
DA:17,0
DA:18,0
DA:21,0
DA:22,0
DA:23,0
DA:24,0
DA:26,0
DA:28,0
DA:32,0
DA:36,0
DA:49,0
LF:19
LH:0
BRDA:21,0,0,0
BRDA:21,0,1,0
BRDA:21,1,0,0
BRDA:21,1,1,0
BRDA:23,2,0,0
BRDA:23,2,1,0
BRDA:40,3,0,0
BRDA:40,3,1,0
BRF:8
BRH:0
end_of_record
TN:
SF:src/components/Block/Block.tsx
FN:18,Block
FNF:1
FNH:0
FNDA:0,Block
DA:24,0
LF:1
LH:0
BRDA:19,0,0,0
BRDA:22,1,0,0
BRDA:34,2,0,0
BRDA:34,2,1,0
BRDA:35,3,0,0
BRDA:35,3,1,0
BRF:6
BRH:0
end_of_record
TN:
SF:src/components/Btn/Btn.tsx
FN:46,Btn
FN:63,(anonymous_1)
FN:91,Btn_BLUR
FN:122,(anonymous_3)
FN:128,(anonymous_4)
FNF:5
FNH:0
FNDA:0,Btn
FNDA:0,(anonymous_1)
FNDA:0,Btn_BLUR
FNDA:0,(anonymous_3)
FNDA:0,(anonymous_4)
DA:60,0
DA:63,0
DA:92,0
DA:122,0
DA:123,0
DA:124,0
DA:126,0
DA:128,0
DA:129,0
DA:138,0
DA:143,0
LF:11
LH:0
BRDA:51,0,0,0
BRDA:54,1,0,0
BRDA:55,2,0,0
BRDA:56,3,0,0
BRDA:57,4,0,0
BRDA:62,5,0,0
BRDA:62,5,1,0
BRDA:65,6,0,0
BRDA:65,6,1,0
BRDA:66,7,0,0
BRDA:66,7,1,0
BRDA:66,8,0,0
BRDA:66,8,1,0
BRDA:69,9,0,0
BRDA:69,9,1,0
BRDA:76,10,0,0
BRDA:76,10,1,0
BRDA:77,11,0,0
BRDA:77,11,1,0
BRDA:85,12,0,0
BRDA:85,12,1,0
BRDA:86,13,0,0
BRDA:86,13,1,0
BRF:23
BRH:0
end_of_record
TN:
SF:src/components/Btn/TopRightBtnNr.tsx
FN:8,TopRightBtnNr
FNF:1
FNH:0
FNDA:0,TopRightBtnNr
DA:9,0
LF:1
LH:0
BRF:0
BRH:0
end_of_record
TN:
SF:src/components/Btn/btnStyles.tsx
FNF:0
FNH:0
DA:21,0
DA:173,0
LF:2
LH:0
BRF:0
BRH:0
end_of_record
TN:
SF:src/components/ChosenLangs_BLOCK/ChosenLangs_BLOCK.tsx
FN:27,ChosenLangs_BLOCK
FN:30,(anonymous_1)
FN:31,(anonymous_2)
FN:35,(anonymous_3)
FN:39,(anonymous_4)
FN:40,(anonymous_5)
FN:52,(anonymous_6)
FN:69,(anonymous_7)
FNF:8
FNH:0
FNDA:0,ChosenLangs_BLOCK
FNDA:0,(anonymous_1)
FNDA:0,(anonymous_2)
FNDA:0,(anonymous_3)
FNDA:0,(anonymous_4)
FNDA:0,(anonymous_5)
FNDA:0,(anonymous_6)
FNDA:0,(anonymous_7)
DA:34,0
DA:35,0
DA:37,0
DA:39,0
DA:40,0
DA:41,0
DA:44,0
DA:48,0
DA:53,0
DA:69,0
LF:10
LH:0
BRDA:29,0,0,0
BRDA:30,1,0,0
BRDA:31,2,0,0
BRDA:42,3,0,0
BRDA:42,3,1,0
BRDA:51,4,0,0
BRDA:51,4,1,0
BRDA:63,5,0,0
BRDA:63,5,1,0
BRDA:69,6,0,0
BRDA:69,6,1,0
BRDA:79,7,0,0
BRDA:79,7,1,0
BRF:13
BRH:0
end_of_record
TN:
SF:src/components/Dropdown_BLOCK/Dropdown_BLOCK.tsx
FN:13,Dropdown_BLOCK
FNF:1
FNH:0
FNDA:0,Dropdown_BLOCK
DA:22,0
DA:24,0
LF:2
LH:0
BRDA:14,0,0,0
BRDA:26,1,0,0
BRDA:26,1,1,0
BRDA:29,2,0,0
BRDA:29,2,1,0
BRDA:31,3,0,0
BRDA:31,3,1,0
BRDA:36,4,0,0
BRDA:36,4,1,0
BRF:9
BRH:0
end_of_record
TN:
SF:src/components/EmptyFlatList_BOTTM/EmptyFlatList_BOTTM.tsx
FN:13,EmptyFlatList_BOTTM
FNF:1
FNH:0
FNDA:0,EmptyFlatList_BOTTM
DA:24,0
LF:1
LH:0
BRDA:14,0,0,0
BRDA:39,1,0,0
BRDA:39,1,1,0
BRDA:39,1,2,0
BRDA:49,2,0,0
BRDA:49,2,1,0
BRF:6
BRH:0
end_of_record
TN:
SF:src/components/Error_TEXT/Error_TEXT.tsx
FN:9,Error_TEXT
FNF:1
FNH:0
FNDA:0,Error_TEXT
DA:10,0
LF:1
LH:0
BRF:0
BRH:0
end_of_record
TN:
SF:src/components/Footer/Footer.tsx
FN:15,Footer
FNF:1
FNH:0
FNDA:0,Footer
DA:20,0
DA:31,0
LF:2
LH:0
BRDA:22,0,0,0
BRDA:22,0,1,0
BRDA:24,1,0,0
BRDA:24,1,1,0
BRDA:25,2,0,0
BRDA:25,2,1,0
BRF:6
BRH:0
end_of_record
TN:
SF:src/components/Header/Header.tsx
FN:19,Header
FNF:1
FNH:0
FNDA:0,Header
DA:27,0
DA:57,0
LF:2
LH:0
BRDA:20,0,0,0
BRDA:21,1,0,0
BRDA:25,2,0,0
BRDA:29,3,0,0
BRDA:29,3,1,0
BRDA:32,4,0,0
BRDA:32,4,1,0
BRDA:34,5,0,0
BRDA:34,5,1,0
BRDA:35,6,0,0
BRDA:35,6,1,0
BRDA:40,7,0,0
BRDA:40,7,1,0
BRDA:52,8,0,0
BRDA:52,8,1,0
BRF:15
BRH:0
end_of_record
TN:
SF:src/components/Header/List_HEADER.tsx
FN:38,List_HEADER
FN:59,(anonymous_1)
FN:67,(anonymous_2)
FN:71,(anonymous_3)
FN:75,(anonymous_4)
FN:123,(anonymous_5)
FN:175,(anonymous_6)
FNF:7
FNH:0
FNDA:0,List_HEADER
FNDA:0,(anonymous_1)
FNDA:0,(anonymous_2)
FNDA:0,(anonymous_3)
FNDA:0,(anonymous_4)
FNDA:0,(anonymous_5)
FNDA:0,(anonymous_6)
DA:53,0
DA:54,0
DA:56,0
DA:57,0
DA:59,0
DA:61,0
DA:64,0
DA:67,0
DA:71,0
DA:75,0
DA:76,0
DA:77,0
DA:81,0
DA:123,0
DA:176,0
DA:177,0
DA:187,0
LF:17
LH:0
BRDA:40,0,0,0
BRDA:41,1,0,0
BRDA:43,2,0,0
BRDA:61,3,0,0
BRDA:61,3,1,0
BRDA:64,4,0,0
BRDA:64,4,1,0
BRDA:76,5,0,0
BRDA:76,5,1,0
BRDA:105,6,0,0
BRDA:105,6,1,0
BRDA:107,7,0,0
BRDA:107,7,1,0
BRDA:111,8,0,0
BRDA:111,8,1,0
BRDA:114,9,0,0
BRDA:114,9,1,0
BRDA:114,9,2,0
BRDA:114,9,3,0
BRDA:121,10,0,0
BRDA:121,10,1,0
BRDA:121,10,2,0
BRDA:121,10,3,0
BRDA:125,11,0,0
BRDA:125,11,1,0
BRDA:129,12,0,0
BRDA:129,12,1,0
BRDA:133,13,0,0
BRDA:133,13,1,0
BRDA:138,14,0,0
BRDA:138,14,1,0
BRDA:142,15,0,0
BRDA:142,15,1,0
BRDA:145,16,0,0
BRDA:145,16,1,0
BRDA:150,17,0,0
BRDA:150,17,1,0
BRDA:153,18,0,0
BRDA:153,18,1,0
BRDA:158,19,0,0
BRDA:158,19,1,0
BRDA:163,20,0,0
BRDA:163,20,1,0
BRDA:163,20,2,0
BRDA:163,20,3,0
BRDA:163,20,4,0
BRF:46
BRH:0
end_of_record
TN:
SF:src/components/Highlighted_TEXT/Highlighted_TEXT.tsx
FN:12,Highlighted_TEXT
FN:32,(anonymous_1)
FNF:2
FNH:0
FNDA:0,Highlighted_TEXT
FNDA:0,(anonymous_1)
DA:19,0
DA:27,0
DA:29,0
DA:34,0
DA:35,0
LF:5
LH:0
BRDA:16,0,0,0
BRDA:19,1,0,0
BRDA:19,1,1,0
BRDA:21,2,0,0
BRDA:21,2,1,0
BRDA:23,3,0,0
BRDA:23,3,1,0
BRDA:27,4,0,0
BRDA:27,4,1,0
BRDA:34,5,0,0
BRDA:34,5,1,0
BRDA:40,6,0,0
BRDA:40,6,1,0
BRDA:41,7,0,0
BRDA:41,7,1,0
BRDA:41,7,2,0
BRDA:43,8,0,0
BRDA:43,8,1,0
BRF:18
BRH:0
end_of_record
TN:
SF:src/components/Label/Label.tsx
FN:16,Label
FNF:1
FNH:0
FNDA:0,Label
DA:17,0
LF:1
LH:0
BRDA:21,0,0,0
BRDA:21,0,1,0
BRF:2
BRH:0
end_of_record
TN:
SF:src/components/Loading_SCREEN/Loading_SCREEN.tsx
FN:8,Loading_SCREEN
FNF:1
FNH:0
FNDA:0,Loading_SCREEN
DA:9,0
LF:1
LH:0
BRF:0
BRH:0
end_of_record
TN:
SF:src/components/Modals/Big_MODAL/Big_MODAL.tsx
FN:24,Big_MODAL
FNF:1
FNH:0
FNDA:0,Big_MODAL
DA:25,0
LF:1
LH:0
BRF:0
BRH:0
end_of_record
TN:
SF:src/components/Modals/Small_MODAL/Small_MODAL.tsx
FN:29,Small_MODAL
FNF:1
FNH:0
FNDA:0,Small_MODAL
DA:39,0
DA:41,0
DA:99,0
LF:3
LH:0
BRDA:32,0,0,0
BRDA:35,1,0,0
BRDA:54,2,0,0
BRDA:54,2,1,0
BRDA:71,3,0,0
BRDA:71,3,1,0
BRDA:74,4,0,0
BRDA:74,4,1,0
BRDA:74,4,2,0
BRDA:80,5,0,0
BRDA:80,5,1,0
BRDA:87,6,0,0
BRDA:87,6,1,0
BRDA:88,7,0,0
BRDA:88,7,1,0
BRF:15
BRH:0
end_of_record
TN:
SF:src/components/Modals/Small_MODAL/Variations/Confirmation_MODAL/Confirmation_MODAL.tsx
FN:22,Confirmation_MODAL
FN:28,(anonymous_1)
FN:29,(anonymous_2)
FNF:3
FNH:0
FNDA:0,Confirmation_MODAL
FNDA:0,(anonymous_1)
FNDA:0,(anonymous_2)
DA:31,0
DA:33,0
LF:2
LH:0
BRDA:23,0,0,0
BRDA:24,1,0,0
BRDA:26,2,0,0
BRDA:27,3,0,0
BRDA:28,4,0,0
BRDA:29,5,0,0
BRDA:41,6,0,0
BRDA:41,6,1,0
BRDA:42,7,0,0
BRDA:42,7,1,0
BRF:10
BRH:0
end_of_record
TN:
SF:src/components/My_TOAST/My_TOAST.tsx
FN:8,My_TOAST
FN:12,(anonymous_1)
FN:15,(anonymous_2)
FN:16,(anonymous_3)
FNF:4
FNH:0
FNDA:0,My_TOAST
FNDA:0,(anonymous_1)
FNDA:0,(anonymous_2)
FNDA:0,(anonymous_3)
DA:9,0
DA:13,0
DA:15,0
DA:17,0
LF:4
LH:0
BRF:0
BRH:0
end_of_record
TN:
SF:src/components/Notification_BOX/Notification_BOX.tsx
FN:10,Notification_BOX
FNF:1
FNH:0
FNDA:0,Notification_BOX
DA:17,0
DA:45,0
LF:2
LH:0
BRDA:12,0,0,0
BRDA:22,1,0,0
BRDA:22,1,1,0
BRDA:23,2,0,0
BRDA:23,2,1,0
BRDA:24,3,0,0
BRDA:24,3,1,0
BRDA:33,4,0,0
BRDA:33,4,1,0
BRDA:34,5,0,0
BRDA:34,5,1,0
BRDA:35,6,0,0
BRDA:35,6,1,0
BRF:13
BRH:0
end_of_record
TN:
SF:src/components/Page_WRAP/Page_WRAP.tsx
FN:11,Page_WRAP
FNF:1
FNH:0
FNDA:0,Page_WRAP
DA:20,0
DA:36,0
LF:2
LH:0
BRDA:14,0,0,0
BRDA:24,1,0,0
BRDA:24,1,1,0
BRDA:29,2,0,0
BRDA:29,2,1,0
BRDA:29,3,0,0
BRDA:29,3,1,0
BRF:7
BRH:0
end_of_record
TN:
SF:src/components/SearchAndSelect_SUBNAV/SearchAndSelect_SUBNAV.tsx
FN:21,SearchAndSelect_SUBNAV
FN:25,(anonymous_1)
FN:26,(anonymous_2)
FN:36,(anonymous_3)
FN:52,(anonymous_4)
FNF:5
FNH:0
FNDA:0,SearchAndSelect_SUBNAV
FNDA:0,(anonymous_1)
FNDA:0,(anonymous_2)
FNDA:0,(anonymous_3)
FNDA:0,(anonymous_4)
DA:28,0
DA:29,0
DA:36,0
DA:52,0
LF:4
LH:0
BRDA:22,0,0,0
BRDA:23,1,0,0
BRDA:24,2,0,0
BRDA:25,3,0,0
BRDA:26,4,0,0
BRDA:35,5,0,0
BRDA:35,5,1,0
BRDA:51,6,0,0
BRDA:51,6,1,0
BRF:9
BRH:0
end_of_record
TN:
SF:src/components/SearchAndSelect_SUBNAV/SearchOnly_SUBNAV.tsx
FN:18,SearchOnly_SUBNAV
FN:20,(anonymous_1)
FNF:2
FNH:0
FNDA:0,SearchOnly_SUBNAV
FNDA:0,(anonymous_1)
DA:22,0
DA:23,0
LF:2
LH:0
BRDA:19,0,0,0
BRDA:20,1,0,0
BRF:2
BRH:0
end_of_record
TN:
SF:src/components/SearchBar/SearchBar.tsx
FN:19,SearchBar
FN:34,(anonymous_1)
FN:35,(anonymous_2)
FN:38,(anonymous_3)
FNF:4
FNH:0
FNDA:0,SearchBar
FNDA:0,(anonymous_1)
FNDA:0,(anonymous_2)
FNDA:0,(anonymous_3)
DA:20,0
DA:21,0
DA:22,0
DA:34,0
DA:35,0
DA:38,0
DA:46,0
LF:7
LH:0
BRDA:37,0,0,0
BRDA:37,0,1,0
BRF:2
BRH:0
end_of_record
TN:
SF:src/components/Settings_TOGGLE/Settings_TOGGLE.tsx
FN:24,Settings_TOGGLE
FN:28,(anonymous_1)
FN:33,(anonymous_2)
FNF:3
FNH:0
FNDA:0,Settings_TOGGLE
FNDA:0,(anonymous_1)
FNDA:0,(anonymous_2)
DA:31,0
DA:33,0
DA:71,0
LF:3
LH:0
BRDA:25,0,0,0
BRDA:27,1,0,0
BRDA:28,2,0,0
BRDA:29,3,0,0
BRDA:35,4,0,0
BRDA:35,4,1,0
BRDA:36,5,0,0
BRDA:36,5,1,0
BRDA:43,6,0,0
BRDA:43,6,1,0
BRDA:54,7,0,0
BRDA:54,7,1,0
BRDA:62,8,0,0
BRDA:62,8,1,0
BRF:14
BRH:0
end_of_record
TN:
SF:src/components/StyledText_INPUT/StyledText_INPUT.tsx
FN:35,StyledText_INPUT
FN:69,(anonymous_1)
FN:70,(anonymous_2)
FNF:3
FNH:0
FNDA:0,StyledText_INPUT
FNDA:0,(anonymous_1)
FNDA:0,(anonymous_2)
DA:49,0
DA:69,0
DA:70,0
DA:83,0
LF:4
LH:0
BRDA:39,0,0,0
BRDA:40,1,0,0
BRDA:41,2,0,0
BRDA:46,3,0,0
BRDA:54,4,0,0
BRDA:54,4,1,0
BRDA:55,5,0,0
BRDA:55,5,1,0
BRDA:55,5,2,0
BRDA:56,6,0,0
BRDA:56,6,1,0
BRDA:57,7,0,0
BRDA:57,7,1,0
BRDA:57,7,2,0
BRDA:57,7,3,0
BRDA:62,8,0,0
BRDA:62,8,1,0
BRDA:65,9,0,0
BRDA:65,9,1,0
BRDA:69,10,0,0
BRDA:69,10,1,0
BRDA:70,11,0,0
BRDA:70,11,1,0
BRDA:71,12,0,0
BRDA:71,12,1,0
BRDA:74,13,0,0
BRDA:74,13,1,0
BRDA:74,13,2,0
BRDA:74,13,3,0
BRF:29
BRH:0
end_of_record
TN:
SF:src/components/Styled_FLATLIST/Styled_FLASHLIST/Styled_FLASHLIST.tsx
FN:13,Styled_FLASHLIST
FN:31,(anonymous_1)
FNF:2
FNH:0
FNDA:0,Styled_FLASHLIST
FNDA:0,(anonymous_1)
DA:24,0
DA:32,0
LF:2
LH:0
BRDA:17,0,0,0
BRDA:18,1,0,0
BRDA:19,2,0,0
BRDA:33,3,0,0
BRDA:33,3,1,0
BRDA:44,4,0,0
BRDA:44,4,1,0
BRDA:44,5,0,0
BRDA:44,5,1,0
BRF:9
BRH:0
end_of_record
TN:
SF:src/components/Styled_TEXT/Styled_TEXT.tsx
FN:27,Styled_TEXT
FNF:1
FNH:0
FNDA:0,Styled_TEXT
DA:32,0
DA:35,0
LF:2
LH:0
BRDA:29,0,0,0
BRF:1
BRH:0
end_of_record
TN:
SF:src/components/Subnav/Subnav.tsx
FN:9,Subnav
FNF:1
FNH:0
FNDA:0,Subnav
DA:16,0
LF:1
LH:0
BRDA:11,0,0,0
BRDA:28,1,0,0
BRDA:28,1,1,0
BRF:3
BRH:0
end_of_record
TN:
SF:src/components/SwipeableExample/SwipeableExample.tsx
FN:14,SwipeableExample
FN:28,(anonymous_1)
FN:32,(anonymous_2)
FN:47,RENDER_leftActions
FN:77,RENDER_rightActions
FNF:5
FNH:0
FNDA:0,SwipeableExample
FNDA:0,(anonymous_1)
FNDA:0,(anonymous_2)
FNDA:0,RENDER_leftActions
FNDA:0,RENDER_rightActions
DA:12,0
DA:23,0
DA:24,0
DA:29,0
DA:30,0
DA:33,0
DA:34,0
DA:48,0
DA:55,0
DA:78,0
DA:84,0
DA:106,0
LF:12
LH:0
BRDA:29,0,0,0
BRDA:29,0,1,0
BRDA:33,1,0,0
BRDA:33,1,1,0
BRDA:40,2,0,0
BRDA:40,2,1,0
BRF:6
BRH:0
end_of_record
TN:
SF:src/components/TinyButton_SCROLLER/TinyButton_SCROLLER.tsx
FN:14,TinyButton_SCROLLER
FNF:1
FNH:0
FNDA:0,TinyButton_SCROLLER
DA:18,0
LF:1
LH:0
BRDA:32,0,0,0
BRDA:32,0,1,0
BRDA:33,1,0,0
BRDA:33,1,1,0
BRF:4
BRH:0
end_of_record
TN:
SF:src/components/Transition_BTN/Big_BTN.tsx
FN:17,Big_BTN
FN:22,(anonymous_1)
FN:26,(anonymous_2)
FNF:3
FNH:0
FNDA:0,Big_BTN
FNDA:0,(anonymous_1)
FNDA:0,(anonymous_2)
DA:24,0
DA:26,0
DA:40,0
LF:3
LH:0
BRDA:21,0,0,0
BRDA:22,1,0,0
BRDA:28,2,0,0
BRDA:28,2,1,0
BRDA:29,3,0,0
BRDA:29,3,1,0
BRDA:35,4,0,0
BRDA:35,4,1,0
BRF:8
BRH:0
end_of_record
TN:
SF:src/components/forTesting/LangHighlightCheck_FLATLIST.tsx
FN:15,LangHighlightCheck_FLATLIST
FN:18,(anonymous_1)
FN:24,(anonymous_2)
FN:25,(anonymous_3)
FN:39,(anonymous_4)
FN:53,(anonymous_5)
FN:78,(anonymous_6)
FN:85,Highlight_SLIDER
FN:89,(anonymous_8)
FN:94,(anonymous_9)
FN:98,(anonymous_10)
FN:104,(anonymous_11)
FN:120,(anonymous_12)
FN:125,(anonymous_13)
FNF:14
FNH:0
FNDA:0,LangHighlightCheck_FLATLIST
FNDA:0,(anonymous_1)
FNDA:0,(anonymous_2)
FNDA:0,(anonymous_3)
FNDA:0,(anonymous_4)
FNDA:0,(anonymous_5)
FNDA:0,(anonymous_6)
FNDA:0,Highlight_SLIDER
FNDA:0,(anonymous_8)
FNDA:0,(anonymous_9)
FNDA:0,(anonymous_10)
FNDA:0,(anonymous_11)
FNDA:0,(anonymous_12)
FNDA:0,(anonymous_13)
DA:16,0
DA:17,0
DA:18,0
DA:22,0
DA:24,0
DA:25,0
DA:26,0
DA:27,0
DA:28,0
DA:32,0
DA:40,0
DA:52,0
DA:54,0
DA:55,0
DA:58,0
DA:60,0
DA:63,0
DA:78,0
DA:91,0
DA:94,0
DA:95,0
DA:98,0
DA:99,0
DA:102,0
DA:104,0
DA:106,0
DA:109,0
DA:121,0
DA:126,0
DA:136,0
LF:30
LH:0
BRDA:18,0,0,0
BRDA:18,0,1,0
BRDA:38,1,0,0
BRDA:38,1,1,0
BRDA:54,2,0,0
BRDA:54,2,1,0
BRDA:58,3,0,0
BRDA:58,3,1,0
BRDA:60,4,0,0
BRDA:60,4,1,0
BRDA:86,5,0,0
BRDA:87,6,0,0
BRDA:88,7,0,0
BRDA:89,8,0,0
BRF:14
BRH:0
end_of_record
TN:
SF:src/components/icons/icons.tsx
FN:21,ICON_flag
FN:42,ICON_difficultyDot
FN:76,ICON_X
FN:123,ICON_activeCount
FN:143,ICON_arrow
FN:184,ICON_notificationBell
FN:201,ICON_like
FN:218,ICON_trash
FN:237,ICON_checkMarkFull
FN:254,ICON_error
FN:275,ICON_inviteFriend
FN:294,ICON_letterT
FN:311,ICON_bookmark
FN:331,ICON_bookmark_2
FN:352,ICON_star
FN:373,ICON_download
FN:395,ICON_3dots
FN:404,ICON_profile
FN:423,ICON_settings
FN:440,ICON_about
FN:455,ICON_premium
FN:470,ICON_premiumCheckmark
FN:487,ICON_privacyPolicy
FN:502,ICON_contact
FN:517,ICON_vocabs
FN:567,ICON_other
FN:584,ICON_search
FN:611,ICON_calendar
FN:632,ICON_shuffle
FN:657,ICON_questionMark
FN:680,ICON_dropdownArrow
FN:690,ICON_displaySettings
FN:700,ICON_image
FN:710,ICON_toastNotification
FN:781,ICON_checkMark
FN:830,ICON_general
FNF:36
FNH:0
FNDA:0,ICON_flag
FNDA:0,ICON_difficultyDot
FNDA:0,ICON_X
FNDA:0,ICON_activeCount
FNDA:0,ICON_arrow
FNDA:0,ICON_notificationBell
FNDA:0,ICON_like
FNDA:0,ICON_trash
FNDA:0,ICON_checkMarkFull
FNDA:0,ICON_error
FNDA:0,ICON_inviteFriend
FNDA:0,ICON_letterT
FNDA:0,ICON_bookmark
FNDA:0,ICON_bookmark_2
FNDA:0,ICON_star
FNDA:0,ICON_download
FNDA:0,ICON_3dots
FNDA:0,ICON_profile
FNDA:0,ICON_settings
FNDA:0,ICON_about
FNDA:0,ICON_premium
FNDA:0,ICON_premiumCheckmark
FNDA:0,ICON_privacyPolicy
FNDA:0,ICON_contact
FNDA:0,ICON_vocabs
FNDA:0,ICON_other
FNDA:0,ICON_search
FNDA:0,ICON_calendar
FNDA:0,ICON_shuffle
FNDA:0,ICON_questionMark
FNDA:0,ICON_dropdownArrow
FNDA:0,ICON_displaySettings
FNDA:0,ICON_image
FNDA:0,ICON_toastNotification
FNDA:0,ICON_checkMark
FNDA:0,ICON_general
DA:16,0
DA:29,0
DA:33,0
DA:51,0
DA:54,0
DA:62,0
DA:93,0
DA:107,0
DA:124,0
DA:152,0
DA:161,0
DA:167,0
DA:185,0
DA:202,0
DA:219,0
DA:238,0
DA:255,0
DA:276,0
DA:295,0
DA:315,0
DA:336,0
DA:357,0
DA:377,0
DA:396,0
DA:409,0
DA:424,0
DA:441,0
DA:456,0
DA:471,0
DA:488,0
DA:503,0
DA:522,0
DA:569,0
DA:570,0
DA:591,0
DA:616,0
DA:637,0
DA:658,0
DA:681,0
DA:691,0
DA:701,0
DA:715,0
DA:786,0
DA:801,0
DA:837,0
LF:45
LH:0
BRDA:22,0,0,0
BRDA:23,1,0,0
BRDA:29,2,0,0
BRDA:29,2,1,0
BRDA:43,3,0,0
BRDA:44,4,0,0
BRDA:51,5,0,0
BRDA:51,5,1,0
BRDA:54,6,0,0
BRDA:54,6,1,0
BRDA:56,7,0,0
BRDA:56,7,1,0
BRDA:58,8,0,0
BRDA:58,8,1,0
BRDA:77,9,0,0
BRDA:78,10,0,0
BRDA:79,11,0,0
BRDA:93,12,0,0
BRDA:93,12,1,0
BRDA:95,13,0,0
BRDA:95,13,1,0
BRDA:97,14,0,0
BRDA:97,14,1,0
BRDA:99,15,0,0
BRDA:99,15,1,0
BRDA:101,16,0,0
BRDA:101,16,1,0
BRDA:103,17,0,0
BRDA:103,17,1,0
BRDA:109,18,0,0
BRDA:109,18,1,0
BRDA:111,19,0,0
BRDA:111,19,1,0
BRDA:116,20,0,0
BRDA:116,20,1,0
BRDA:123,21,0,0
BRDA:144,22,0,0
BRDA:145,23,0,0
BRDA:152,24,0,0
BRDA:152,24,1,0
BRDA:154,25,0,0
BRDA:154,25,1,0
BRDA:156,26,0,0
BRDA:156,26,1,0
BRDA:161,27,0,0
BRDA:161,27,1,0
BRDA:163,28,0,0
BRDA:163,28,1,0
BRDA:312,29,0,0
BRDA:325,30,0,0
BRDA:325,30,1,0
BRDA:332,31,0,0
BRDA:333,32,0,0
BRDA:339,33,0,0
BRDA:339,33,1,0
BRDA:340,34,0,0
BRDA:340,34,1,0
BRDA:346,35,0,0
BRDA:346,35,1,0
BRDA:353,36,0,0
BRDA:354,37,0,0
BRDA:360,38,0,0
BRDA:360,38,1,0
BRDA:361,39,0,0
BRDA:361,39,1,0
BRDA:367,40,0,0
BRDA:367,40,1,0
BRDA:374,41,0,0
BRDA:405,42,0,0
BRDA:416,43,0,0
BRDA:416,43,1,0
BRDA:518,44,0,0
BRDA:531,45,0,0
BRDA:531,45,1,0
BRDA:541,46,0,0
BRDA:541,46,1,0
BRDA:551,47,0,0
BRDA:551,47,1,0
BRDA:561,48,0,0
BRDA:561,48,1,0
BRDA:567,49,0,0
BRDA:569,50,0,0
BRDA:569,50,1,0
BRDA:585,51,0,0
BRDA:586,52,0,0
BRDA:593,53,0,0
BRDA:593,53,1,0
BRDA:594,54,0,0
BRDA:594,54,1,0
BRDA:601,55,0,0
BRDA:601,55,1,0
BRDA:603,56,0,0
BRDA:603,56,1,0
BRDA:612,57,0,0
BRDA:626,58,0,0
BRDA:626,58,1,0
BRDA:633,59,0,0
BRDA:647,60,0,0
BRDA:647,60,1,0
BRDA:649,61,0,0
BRDA:649,61,1,0
BRDA:711,62,0,0
BRDA:725,63,0,0
BRDA:725,63,1,0
BRDA:727,64,0,0
BRDA:727,64,1,0
BRDA:732,65,0,0
BRDA:732,65,1,0
BRDA:743,66,0,0
BRDA:743,66,1,0
BRDA:754,67,0,0
BRDA:754,67,1,0
BRDA:782,68,0,0
BRDA:791,69,0,0
BRDA:791,69,1,0
BRDA:831,70,0,0
BRDA:832,71,0,0
BRDA:848,72,0,0
BRDA:848,72,1,0
BRDA:852,73,0,0
BRDA:852,73,1,0
BRF:121
BRH:0
end_of_record
TN:
SF:src/constants/MyColors.ts
FNF:0
FNH:0
DA:6,0
DA:38,0
LF:2
LH:0
BRF:0
BRH:0
end_of_record
TN:
SF:src/constants/globalVars.ts
FN:5,(anonymous_0)
FN:22,(anonymous_1)
FNF:2
FNH:0
FNDA:0,(anonymous_0)
FNDA:0,(anonymous_1)
DA:5,0
DA:6,0
DA:8,0
DA:10,0
DA:11,0
DA:12,0
DA:14,0
DA:15,0
DA:17,0
DA:19,0
DA:20,0
DA:22,0
DA:23,0
DA:27,0
DA:28,0
DA:31,0
LF:16
LH:0
BRDA:23,0,0,0
BRDA:23,0,1,0
BRF:2
BRH:0
end_of_record
TN:
SF:src/constants/index.ts
FNF:0
FNH:0
DA:5,0
DA:7,0
LF:2
LH:0
BRF:0
BRH:0
end_of_record
TN:
SF:src/constants/languages.ts
FNF:0
FNH:0
DA:14,0
LF:1
LH:0
BRF:0
BRH:0
end_of_record
TN:
SF:src/context/Auth_CONTEXT.tsx
FN:23,(anonymous_0)
FN:26,(anonymous_1)
FN:53,(anonymous_2)
FN:74,(anonymous_3)
FN:96,(anonymous_4)
FNF:5
FNH:0
FNDA:0,(anonymous_0)
FNDA:0,(anonymous_1)
FNDA:0,(anonymous_2)
FNDA:0,(anonymous_3)
FNDA:0,(anonymous_4)
DA:21,0
DA:23,0
DA:24,0
DA:26,0
DA:31,0
DA:32,0
DA:40,0
DA:41,0
DA:44,0
DA:46,0
DA:53,0
DA:54,0
DA:55,0
DA:60,0
DA:61,0
DA:64,0
DA:65,0
DA:67,0
DA:74,0
DA:75,0
DA:76,0
DA:78,0
DA:79,0
DA:82,0
DA:83,0
DA:85,0
DA:89,0
DA:96,0
DA:97,0
DA:98,0
DA:99,0
DA:101,0
LF:32
LH:0
BRDA:40,0,0,0
BRDA:40,0,1,0
BRDA:60,1,0,0
BRDA:60,1,1,0
BRDA:78,2,0,0
BRDA:78,2,1,0
BRDA:98,3,0,0
BRDA:98,3,1,0
BRF:8
BRH:0
end_of_record
TN:
SF:src/context/SelectedList_CONTEXT.tsx
FN:15,(anonymous_0)
FN:27,(anonymous_1)
FNF:2
FNH:0
FNDA:0,(anonymous_0)
FNDA:0,(anonymous_1)
DA:13,0
DA:15,0
DA:16,0
DA:20,0
DA:27,0
DA:28,0
DA:29,0
DA:30,0
DA:32,0
LF:9
LH:0
BRDA:29,0,0,0
BRDA:29,0,1,0
BRF:2
BRH:0
end_of_record
TN:
SF:src/db/USE_sync.ts
FN:62,(anonymous_0)
FN:75,USE_sync
FN:81,(anonymous_2)
FN:102,(anonymous_3)
FN:150,(anonymous_4)
FN:210,ADJUST_pullChangesData
FN:220,PUSH_changes
FN:231,(anonymous_7)
FN:238,(anonymous_8)
FN:260,checkUnsyncedChanges
FNF:10
FNH:0
FNDA:0,(anonymous_0)
FNDA:0,USE_sync
FNDA:0,(anonymous_2)
FNDA:0,(anonymous_3)
FNDA:0,(anonymous_4)
FNDA:0,ADJUST_pullChangesData
FNDA:0,PUSH_changes
FNDA:0,(anonymous_7)
FNDA:0,(anonymous_8)
FNDA:0,checkUnsyncedChanges
DA:28,0
DA:31,0
DA:38,0
DA:53,0
DA:57,0
DA:62,0
DA:69,0
DA:76,0
DA:77,0
DA:78,0
DA:79,0
DA:81,0
DA:82,0
DA:84,0
DA:86,0
DA:87,0
DA:88,0
DA:89,0
DA:91,0
DA:92,0
DA:96,0
DA:97,0
DA:100,0
DA:103,0
DA:108,0
DA:109,0
DA:110,0
DA:111,0
DA:112,0
DA:115,0
DA:121,0
DA:122,0
DA:127,0
DA:128,0
DA:129,0
DA:131,0
DA:136,0
DA:137,0
DA:142,0
DA:144,0
DA:151,0
DA:155,0
DA:156,0
DA:157,0
DA:158,0
DA:159,0
DA:164,0
DA:170,0
DA:171,0
DA:180,0
DA:182,0
DA:183,0
DA:184,0
DA:185,0
DA:188,0
DA:193,0
DA:195,0
DA:199,0
DA:211,0
DA:217,0
DA:221,0
DA:222,0
DA:225,0
DA:227,0
DA:229,0
DA:232,0
DA:239,0
DA:243,0
DA:244,0
DA:245,0
DA:251,0
DA:253,0
DA:256,0
DA:261,0
DA:262,0
LF:75
LH:0
BRDA:63,0,0,0
BRDA:69,1,0,0
BRDA:69,1,1,0
BRDA:71,2,0,0
BRDA:71,2,1,0
BRDA:82,3,0,0
BRDA:82,3,1,0
BRDA:84,4,0,0
BRDA:91,5,0,0
BRDA:91,5,1,0
BRDA:91,6,0,0
BRDA:91,6,1,0
BRDA:108,7,0,0
BRDA:108,7,1,0
BRDA:110,8,0,0
BRDA:110,8,1,0
BRDA:128,9,0,0
BRDA:128,9,1,0
BRDA:155,10,0,0
BRDA:155,10,1,0
BRDA:157,11,0,0
BRDA:157,11,1,0
BRDA:183,12,0,0
BRDA:183,12,1,0
BRDA:221,13,0,0
BRDA:221,13,1,0
BRDA:243,14,0,0
BRDA:243,14,1,0
BRF:28
BRH:0
end_of_record
TN:
SF:src/db/index.ts
FN:39,(anonymous_0)
FN:45,(anonymous_1)
FNF:2
FNH:0
FNDA:0,(anonymous_0)
FNDA:0,(anonymous_1)
DA:8,0
DA:28,0
DA:45,0
DA:48,0
DA:65,0
DA:66,0
DA:67,0
DA:68,0
DA:69,0
DA:70,0
DA:71,0
DA:72,0
DA:73,0
LF:13
LH:0
BRF:0
BRH:0
end_of_record
TN:
SF:src/db/migrations.ts
FNF:0
FNH:0
LF:0
LH:0
BRF:0
BRH:0
end_of_record
TN:
SF:src/db/watermelon_MODELS.ts
FN:32,(anonymous_0)
FN:35,(anonymous_1)
FN:36,(anonymous_2)
FN:39,(anonymous_3)
FN:42,(anonymous_4)
FN:48,(anonymous_5)
FN:75,(anonymous_6)
FN:76,(anonymous_7)
FN:82,(anonymous_8)
FN:88,(anonymous_9)
FN:89,(anonymous_10)
FN:92,(anonymous_11)
FN:99,(anonymous_12)
FN:159,(anonymous_13)
FN:160,(anonymous_14)
FN:166,(anonymous_15)
FN:176,(anonymous_16)
FN:184,(anonymous_17)
FN:192,(anonymous_18)
FN:206,(anonymous_19)
FN:221,(anonymous_20)
FN:223,(anonymous_21)
FN:238,(anonymous_22)
FN:311,(anonymous_23)
FN:314,(anonymous_24)
FN:320,(anonymous_25)
FN:327,(anonymous_26)
FN:331,(anonymous_27)
FN:334,(anonymous_28)
FN:338,(anonymous_29)
FN:347,(anonymous_30)
FN:348,(anonymous_31)
FN:356,(anonymous_32)
FN:367,(anonymous_33)
FN:368,(anonymous_34)
FN:374,(anonymous_35)
FN:375,(anonymous_36)
FN:385,(anonymous_37)
FN:391,(anonymous_38)
FN:392,(anonymous_39)
FN:398,(anonymous_40)
FN:474,(anonymous_41)
FN:475,(anonymous_42)
FN:479,(anonymous_43)
FN:480,(anonymous_44)
FN:485,(anonymous_45)
FN:487,(anonymous_46)
FN:497,(anonymous_47)
FN:498,(anonymous_48)
FN:591,(anonymous_49)
FNF:50
FNH:0
FNDA:0,(anonymous_0)
FNDA:0,(anonymous_1)
FNDA:0,(anonymous_2)
FNDA:0,(anonymous_3)
FNDA:0,(anonymous_4)
FNDA:0,(anonymous_5)
FNDA:0,(anonymous_6)
FNDA:0,(anonymous_7)
FNDA:0,(anonymous_8)
FNDA:0,(anonymous_9)
FNDA:0,(anonymous_10)
FNDA:0,(anonymous_11)
FNDA:0,(anonymous_12)
FNDA:0,(anonymous_13)
FNDA:0,(anonymous_14)
FNDA:0,(anonymous_15)
FNDA:0,(anonymous_16)
FNDA:0,(anonymous_17)
FNDA:0,(anonymous_18)
FNDA:0,(anonymous_19)
FNDA:0,(anonymous_20)
FNDA:0,(anonymous_21)
FNDA:0,(anonymous_22)
FNDA:0,(anonymous_23)
FNDA:0,(anonymous_24)
FNDA:0,(anonymous_25)
FNDA:0,(anonymous_26)
FNDA:0,(anonymous_27)
FNDA:0,(anonymous_28)
FNDA:0,(anonymous_29)
FNDA:0,(anonymous_30)
FNDA:0,(anonymous_31)
FNDA:0,(anonymous_32)
FNDA:0,(anonymous_33)
FNDA:0,(anonymous_34)
FNDA:0,(anonymous_35)
FNDA:0,(anonymous_36)
FNDA:0,(anonymous_37)
FNDA:0,(anonymous_38)
FNDA:0,(anonymous_39)
FNDA:0,(anonymous_40)
FNDA:0,(anonymous_41)
FNDA:0,(anonymous_42)
FNDA:0,(anonymous_43)
FNDA:0,(anonymous_44)
FNDA:0,(anonymous_45)
FNDA:0,(anonymous_46)
FNDA:0,(anonymous_47)
FNDA:0,(anonymous_48)
FNDA:0,(anonymous_49)
DA:32,0
DA:33,0
DA:35,0
DA:36,0
DA:39,0
DA:40,0
DA:42,0
DA:44,0
DA:49,0
DA:57,0
DA:76,0
DA:77,0
DA:80,0
DA:83,0
DA:88,0
DA:89,0
DA:92,0
DA:93,0
DA:97,0
DA:104,0
DA:109,0
DA:116,0
DA:121,0
DA:126,0
DA:131,0
DA:137,0
DA:138,0
DA:140,0
DA:141,0
DA:143,0
DA:144,0
DA:146,0
DA:147,0
DA:149,0
DA:150,0
DA:152,0
DA:153,0
DA:157,0
DA:160,0
DA:161,0
DA:163,0
DA:167,0
DA:172,0
DA:174,0
DA:177,0
DA:182,0
DA:185,0
DA:190,0
DA:193,0
DA:195,0
DA:204,0
DA:211,0
DA:221,0
DA:228,0
DA:238,0
DA:241,0
DA:246,0
DA:251,0
DA:260,0
DA:269,0
DA:274,0
DA:283,0
DA:290,0
DA:312,0
DA:314,0
DA:315,0
DA:317,0
DA:323,0
DA:325,0
DA:327,0
DA:328,0
DA:332,0
DA:334,0
DA:335,0
DA:341,0
DA:347,0
DA:348,0
DA:349,0
DA:354,0
DA:357,0
DA:362,0
DA:367,0
DA:368,0
DA:369,0
DA:370,0
DA:374,0
DA:375,0
DA:376,0
DA:381,0
DA:383,0
DA:386,0
DA:391,0
DA:392,0
DA:393,0
DA:398,0
DA:399,0
DA:403,0
DA:406,0
DA:415,0
DA:424,0
DA:433,0
DA:442,0
DA:447,0
DA:458,0
DA:475,0
DA:476,0
DA:480,0
DA:481,0
DA:486,0
DA:487,0
DA:488,0
DA:489,0
DA:492,0
DA:493,0
DA:498,0
DA:499,0
DA:501,0
DA:502,0
DA:508,0
DA:521,0
DA:541,0
DA:562,0
DA:577,0
DA:591,0
DA:594,0
LF:125
LH:0
BRDA:33,0,0,0
BRDA:33,0,1,0
BRDA:36,1,0,0
BRDA:36,1,1,0
BRDA:40,2,0,0
BRDA:40,2,1,0
BRDA:45,3,0,0
BRDA:45,3,1,0
BRDA:46,4,0,0
BRDA:46,4,1,0
BRDA:47,5,0,0
BRDA:47,5,1,0
BRDA:49,6,0,0
BRDA:49,6,1,0
BRDA:166,7,0,0
BRDA:193,8,0,0
BRDA:193,8,1,0
BRDA:312,9,0,0
BRDA:312,9,1,0
BRDA:320,10,0,0
BRDA:323,11,0,0
BRDA:323,11,1,0
BRDA:331,12,0,0
BRDA:332,13,0,0
BRDA:332,13,1,0
BRDA:486,14,0,0
BRDA:486,14,1,0
BRDA:492,15,0,0
BRDA:492,15,1,0
BRF:29
BRH:0
end_of_record
TN:
SF:src/db/watermelon_SCHEMA.ts
FNF:0
FNH:0
LF:0
LH:0
BRF:0
BRH:0
end_of_record
TN:
SF:src/db/utils/NAVIGATE_user.tsx
FN:19,NAVIGATE_user
FN:42,(anonymous_1)
FNF:2
FNH:0
FNDA:0,NAVIGATE_user
FNDA:0,(anonymous_1)
DA:42,0
DA:43,0
DA:44,0
DA:45,0
DA:48,0
DA:50,0
DA:51,0
DA:52,0
DA:56,0
DA:59,0
DA:61,0
DA:63,0
DA:65,0
DA:66,0
DA:67,0
DA:71,0
DA:72,0
DA:74,0
DA:78,0
DA:79,0
DA:81,0
DA:82,0
DA:85,0
DA:86,0
DA:88,0
DA:91,0
DA:92,0
DA:93,0
DA:95,0
DA:104,0
DA:106,0
DA:107,0
DA:108,0
DA:109,0
DA:110,0
DA:112,0
DA:113,0
DA:114,0
DA:116,0
DA:117,0
DA:122,0
DA:127,0
DA:131,0
DA:133,0
DA:134,0
DA:136,0
DA:137,0
DA:141,0
DA:142,0
DA:146,0
DA:147,0
DA:148,0
DA:149,0
DA:152,0
DA:153,0
DA:154,0
DA:156,0
DA:160,0
DA:162,0
LF:59
LH:0
BRDA:20,0,0,0
BRDA:50,1,0,0
BRDA:50,1,1,0
BRDA:59,2,0,0
BRDA:59,2,1,0
BRDA:63,3,0,0
BRDA:63,3,1,0
BRDA:65,4,0,0
BRDA:65,4,1,0
BRDA:71,5,0,0
BRDA:71,5,1,0
BRDA:72,6,0,0
BRDA:72,6,1,0
BRDA:78,7,0,0
BRDA:78,7,1,0
BRDA:79,8,0,0
BRDA:79,8,1,0
BRDA:85,9,0,0
BRDA:85,9,1,0
BRDA:91,10,0,0
BRDA:91,10,1,0
BRDA:92,11,0,0
BRDA:92,11,1,0
BRDA:106,12,0,0
BRDA:106,12,1,0
BRDA:112,13,0,0
BRDA:112,13,1,0
BRDA:116,14,0,0
BRDA:116,14,1,0
BRDA:119,15,0,0
BRDA:119,15,1,0
BRDA:133,16,0,0
BRDA:133,16,1,0
BRDA:134,17,0,0
BRDA:134,17,1,0
BRDA:146,18,0,0
BRDA:146,18,1,0
BRDA:152,19,0,0
BRDA:152,19,1,0
BRDA:153,20,0,0
BRDA:153,20,1,0
BRF:41
BRH:0
end_of_record
TN:
SF:src/db/utils/TURN_VocabtrsIntoJson.ts
FN:7,TURN_VocabtrsIntoJson
FN:15,(anonymous_1)
FN:20,(anonymous_2)
FNF:3
FNH:0
FNDA:0,TURN_VocabtrsIntoJson
FNDA:0,(anonymous_1)
FNDA:0,(anonymous_2)
DA:12,0
DA:15,0
DA:20,0
LF:3
LH:0
BRDA:15,0,0,0
BRDA:15,0,1,0
BRDA:20,1,0,0
BRDA:20,1,1,0
BRF:4
BRH:0
end_of_record
TN:
SF:src/db/utils/TURN_langExampleHighlightsIntoJson.ts
FN:7,TURN_langExampleHighlightsIntoJson
FN:15,(anonymous_1)
FN:22,(anonymous_2)
FNF:3
FNH:0
FNDA:0,TURN_langExampleHighlightsIntoJson
FNDA:0,(anonymous_1)
FNDA:0,(anonymous_2)
DA:12,0
DA:15,0
DA:22,0
LF:3
LH:0
BRDA:15,0,0,0
BRDA:15,0,1,0
BRDA:22,1,0,0
BRDA:22,1,1,0
BRF:4
BRH:0
end_of_record
TN:
SF:src/features/0_authentication/index.ts
FNF:0
FNH:0
LF:0
LH:0
BRF:0
BRH:0
end_of_record
TN:
SF:src/features/0_authentication/components/AuthenticationHeader.tsx
FN:10,AuthenticationHeader
FNF:1
FNH:0
FNDA:0,AuthenticationHeader
DA:17,0
LF:1
LH:0
BRDA:26,0,0,0
BRDA:26,0,1,0
BRDA:27,1,0,0
BRDA:27,1,1,0
BRF:4
BRH:0
end_of_record
TN:
SF:src/features/0_authentication/components/LoginRegister_SWTICH.tsx
FN:13,LoginRegister_SWITCH
FN:33,(anonymous_1)
FNF:2
FNH:0
FNDA:0,LoginRegister_SWITCH
FNDA:0,(anonymous_1)
DA:18,0
DA:19,0
DA:21,0
DA:34,0
LF:4
LH:0
BRDA:14,0,0,0
BRDA:27,1,0,0
BRDA:27,1,1,0
BRDA:32,2,0,0
BRDA:32,2,1,0
BRDA:34,3,0,0
BRDA:34,3,1,0
BRF:7
BRH:0
end_of_record
TN:
SF:src/features/1_lists/index.ts
FNF:0
FNH:0
LF:0
LH:0
BRF:0
BRH:0
end_of_record
TN:
SF:src/features/1_lists/components/CopyListAndVocabs_MODAL.tsx
FN:19,CopyListAndVocabs_MODAL
FN:23,(anonymous_1)
FN:24,(anonymous_2)
FN:25,(anonymous_3)
FN:33,(anonymous_4)
FN:42,(anonymous_5)
FNF:6
FNH:0
FNDA:0,CopyListAndVocabs_MODAL
FNDA:0,(anonymous_1)
FNDA:0,(anonymous_2)
FNDA:0,(anonymous_3)
FNDA:0,(anonymous_4)
FNDA:0,(anonymous_5)
DA:27,0
DA:29,0
DA:34,0
DA:35,0
DA:36,0
DA:43,0
DA:44,0
DA:45,0
LF:8
LH:0
BRDA:20,0,0,0
BRDA:21,1,0,0
BRDA:22,2,0,0
BRDA:23,3,0,0
BRDA:24,4,0,0
BRDA:25,5,0,0
BRDA:34,6,0,0
BRDA:34,6,1,0
BRDA:43,7,0,0
BRDA:43,7,1,0
BRDA:53,8,0,0
BRDA:53,8,1,0
BRDA:54,9,0,0
BRDA:54,9,1,0
BRDA:61,10,0,0
BRDA:61,10,1,0
BRF:16
BRH:0
end_of_record
TN:
SF:src/features/1_lists/components/DeleteList_MODAL.tsx
FN:25,DeleteList_MODAL
FN:28,(anonymous_1)
FN:29,(anonymous_2)
FN:34,(anonymous_3)
FN:45,(anonymous_4)
FN:52,(anonymous_5)
FNF:6
FNH:0
FNDA:0,DeleteList_MODAL
FNDA:0,(anonymous_1)
FNDA:0,(anonymous_2)
FNDA:0,(anonymous_3)
FNDA:0,(anonymous_4)
FNDA:0,(anonymous_5)
DA:31,0
DA:34,0
DA:35,0
DA:36,0
DA:37,0
DA:41,0
DA:47,0
DA:54,0
LF:8
LH:0
BRDA:26,0,0,0
BRDA:27,1,0,0
BRDA:28,2,0,0
BRDA:29,3,0,0
BRDA:36,4,0,0
BRDA:36,4,1,0
BRF:6
BRH:0
end_of_record
TN:
SF:src/features/1_lists/components/ExploreList_BTN.tsx
FN:13,ExploreList_BTN
FNF:1
FNH:0
FNDA:0,ExploreList_BTN
DA:20,0
LF:1
LH:0
BRDA:24,0,0,0
BRDA:24,0,1,0
BRDA:26,1,0,0
BRDA:26,1,1,0
BRDA:29,2,0,0
BRDA:29,2,1,0
BRDA:38,3,0,0
BRDA:38,3,1,0
BRF:8
BRH:0
end_of_record
TN:
SF:src/features/1_lists/components/ExploreListsBottom_SECTION.tsx
FN:9,ExploreListsBottom_SECTION
FNF:1
FNH:0
FNDA:0,ExploreListsBottom_SECTION
DA:20,0
DA:21,0
DA:29,0
DA:30,0
LF:4
LH:0
BRDA:20,0,0,0
BRDA:20,0,1,0
BRDA:20,1,0,0
BRDA:20,1,1,0
BRDA:24,2,0,0
BRDA:24,2,1,0
BRDA:25,3,0,0
BRDA:25,3,1,0
BRDA:29,4,0,0
BRDA:29,4,1,0
BRF:10
BRH:0
end_of_record
TN:
SF:src/features/1_lists/components/ExploreLists_FLATLIST.tsx
FN:21,ExploreLists_FLATLIST
FN:40,(anonymous_1)
FN:45,(anonymous_2)
FN:51,(anonymous_3)
FN:54,(anonymous_4)
FN:68,(anonymous_5)
FN:69,(anonymous_6)
FNF:7
FNH:0
FNDA:0,ExploreLists_FLATLIST
FNDA:0,(anonymous_1)
FNDA:0,(anonymous_2)
FNDA:0,(anonymous_3)
FNDA:0,(anonymous_4)
FNDA:0,(anonymous_5)
FNDA:0,(anonymous_6)
DA:38,0
DA:40,0
DA:41,0
DA:42,0
DA:45,0
DA:46,0
DA:47,0
DA:48,0
DA:51,0
DA:52,0
DA:55,0
DA:64,0
DA:68,0
DA:69,0
LF:14
LH:0
BRDA:22,0,0,0
BRDA:23,1,0,0
BRDA:28,2,0,0
BRDA:41,3,0,0
BRDA:41,3,1,0
BRDA:41,4,0,0
BRDA:41,4,1,0
BRDA:46,5,0,0
BRDA:46,5,1,0
BRDA:47,6,0,0
BRDA:47,6,1,0
BRDA:57,7,0,0
BRDA:57,7,1,0
BRF:13
BRH:0
end_of_record
TN:
SF:src/features/1_lists/components/ExploreLists_SUBNAV.tsx
FN:15,ExploreLists_SUBNAV
FN:42,(anonymous_1)
FNF:2
FNH:0
FNDA:0,ExploreLists_SUBNAV
FNDA:0,(anonymous_1)
DA:26,0
DA:27,0
DA:29,0
DA:43,0
LF:4
LH:0
BRDA:35,0,0,0
BRDA:35,0,1,0
BRDA:43,1,0,0
BRDA:43,1,1,0
BRF:4
BRH:0
end_of_record
TN:
SF:src/features/1_lists/components/ListBtn_BOTTOM.tsx
FN:8,ListBtn_BOTTOM
FNF:1
FNH:0
FNDA:0,ListBtn_BOTTOM
DA:13,0
LF:1
LH:0
BRDA:24,0,0,0
BRDA:24,0,1,0
BRF:2
BRH:0
end_of_record
TN:
SF:src/features/1_lists/components/ListBtn_TOP.tsx
FN:12,ListBtn_TOP
FNF:1
FNH:0
FNDA:0,ListBtn_TOP
DA:29,0
LF:1
LH:0
BRDA:13,0,0,0
BRDA:16,1,0,0
BRDA:17,2,0,0
BRDA:18,3,0,0
BRDA:37,4,0,0
BRDA:37,4,1,0
BRF:6
BRH:0
end_of_record
TN:
SF:src/features/1_lists/components/List_FLAGS.tsx
FN:8,List_FLAGS
FN:23,(anonymous_1)
FNF:2
FNH:0
FNDA:0,List_FLAGS
FNDA:0,(anonymous_1)
DA:13,0
DA:24,0
LF:2
LH:0
BRDA:9,0,0,0
BRDA:14,1,0,0
BRDA:14,1,1,0
BRF:3
BRH:0
end_of_record
TN:
SF:src/features/1_lists/components/OneSharedList_HEADER.tsx
FN:12,OneSharedList_HEADER
FN:15,(anonymous_1)
FN:29,(anonymous_2)
FNF:3
FNH:0
FNDA:0,OneSharedList_HEADER
FNDA:0,(anonymous_1)
FNDA:0,(anonymous_2)
DA:21,0
DA:22,0
DA:29,0
LF:3
LH:0
BRDA:15,0,0,0
BRDA:36,1,0,0
BRDA:36,1,1,0
BRDA:46,2,0,0
BRDA:46,2,1,0
BRF:5
BRH:0
end_of_record
TN:
SF:src/features/1_lists/components/PublicList_HEADER.tsx
FN:12,PublicList_HEADER
FN:15,(anonymous_1)
FN:29,(anonymous_2)
FNF:3
FNH:0
FNDA:0,PublicList_HEADER
FNDA:0,(anonymous_1)
FNDA:0,(anonymous_2)
DA:21,0
DA:22,0
DA:29,0
LF:3
LH:0
BRDA:15,0,0,0
BRDA:36,1,0,0
BRDA:36,1,1,0
BRDA:46,2,0,0
BRDA:46,2,1,0
BRF:5
BRH:0
end_of_record
TN:
SF:src/features/1_lists/components/PublicLists_HEADER.tsx
FN:10,PublicLists_HEADER
FN:19,(anonymous_1)
FNF:2
FNH:0
FNDA:0,PublicLists_HEADER
FNDA:0,(anonymous_1)
DA:11,0
DA:12,0
DA:19,0
LF:3
LH:0
BRF:0
BRH:0
end_of_record
TN:
SF:src/features/1_lists/components/SharedLists_HEADER.tsx
FN:10,SharedLists_HEADER
FN:19,(anonymous_1)
FNF:2
FNH:0
FNDA:0,SharedLists_HEADER
FNDA:0,(anonymous_1)
DA:11,0
DA:12,0
DA:19,0
LF:3
LH:0
BRF:0
BRH:0
end_of_record
TN:
SF:src/features/1_lists/components/UpdateList_MODAL.tsx
FN:30,UpdateList_MODAL
FN:54,(anonymous_1)
FN:60,(anonymous_2)
FN:67,(anonymous_3)
FN:70,(anonymous_4)
FN:81,(anonymous_5)
FN:87,(anonymous_6)
FN:115,(anonymous_7)
FN:120,(anonymous_8)
FN:123,(anonymous_9)
FNF:10
FNH:0
FNDA:0,UpdateList_MODAL
FNDA:0,(anonymous_1)
FNDA:0,(anonymous_2)
FNDA:0,(anonymous_3)
FNDA:0,(anonymous_4)
FNDA:0,(anonymous_5)
FNDA:0,(anonymous_6)
FNDA:0,(anonymous_7)
FNDA:0,(anonymous_8)
FNDA:0,(anonymous_9)
DA:38,0
DA:40,0
DA:41,0
DA:48,0
DA:54,0
DA:55,0
DA:56,0
DA:60,0
DA:61,0
DA:62,0
DA:68,0
DA:70,0
DA:71,0
DA:76,0
DA:77,0
DA:81,0
DA:82,0
DA:83,0
DA:84,0
DA:87,0
DA:89,0
DA:116,0
DA:121,0
DA:124,0
DA:125,0
LF:25
LH:0
BRDA:55,0,0,0
BRDA:55,0,1,0
BRDA:76,1,0,0
BRDA:76,1,1,0
BRDA:97,2,0,0
BRDA:97,2,1,0
BRDA:99,3,0,0
BRDA:99,3,1,0
BRDA:116,4,0,0
BRDA:116,4,1,0
BRDA:128,5,0,0
BRDA:128,5,1,0
BRDA:130,6,0,0
BRDA:130,6,1,0
BRDA:130,6,2,0
BRDA:136,7,0,0
BRDA:136,7,1,0
BRDA:137,8,0,0
BRDA:137,8,1,0
BRF:19
BRH:0
end_of_record
TN:
SF:src/features/1_lists/components/VocabCount_LABEL.tsx
FN:7,VocabCount_LABEL
FNF:1
FNH:0
FNDA:0,VocabCount_LABEL
DA:12,0
LF:1
LH:0
BRDA:8,0,0,0
BRDA:14,1,0,0
BRDA:14,1,1,0
BRF:3
BRH:0
end_of_record
TN:
SF:src/features/1_lists/components/ChooseAList_FLATLIST/ChooseAList_FLATLIST.tsx
FN:30,_ChooseAList_FLATLIST
FN:43,(anonymous_1)
FN:49,(anonymous_2)
FN:57,(anonymous_3)
FN:71,(anonymous_4)
FNF:5
FNH:0
FNDA:0,_ChooseAList_FLATLIST
FNDA:0,(anonymous_1)
FNDA:0,(anonymous_2)
FNDA:0,(anonymous_3)
FNDA:0,(anonymous_4)
DA:36,0
DA:38,0
DA:44,0
DA:50,0
DA:57,0
DA:69,0
DA:71,0
DA:78,0
LF:8
LH:0
BRDA:47,0,0,0
BRDA:47,0,1,0
BRDA:52,1,0,0
BRDA:52,1,1,0
BRF:4
BRH:0
end_of_record
TN:
SF:src/features/1_lists/components/CreateList_MODAL/CreateList_MODAL.tsx
FN:33,CreateList_MODAL
FN:63,(anonymous_1)
FN:69,(anonymous_2)
FN:76,(anonymous_3)
FN:79,(anonymous_4)
FN:80,(anonymous_5)
FN:92,(anonymous_6)
FN:98,(anonymous_7)
FN:127,(anonymous_8)
FN:135,(anonymous_9)
FN:141,(anonymous_10)
FNF:11
FNH:0
FNDA:0,CreateList_MODAL
FNDA:0,(anonymous_1)
FNDA:0,(anonymous_2)
FNDA:0,(anonymous_3)
FNDA:0,(anonymous_4)
FNDA:0,(anonymous_5)
FNDA:0,(anonymous_6)
FNDA:0,(anonymous_7)
FNDA:0,(anonymous_8)
FNDA:0,(anonymous_9)
FNDA:0,(anonymous_10)
DA:40,0
DA:41,0
DA:42,0
DA:44,0
DA:50,0
DA:57,0
DA:63,0
DA:64,0
DA:65,0
DA:69,0
DA:70,0
DA:71,0
DA:77,0
DA:80,0
DA:82,0
DA:87,0
DA:88,0
DA:92,0
DA:93,0
DA:94,0
DA:95,0
DA:98,0
DA:100,0
DA:129,0
DA:131,0
DA:139,0
DA:142,0
DA:143,0
LF:28
LH:0
BRDA:64,0,0,0
BRDA:64,0,1,0
BRDA:87,1,0,0
BRDA:87,1,1,0
BRDA:108,2,0,0
BRDA:108,2,1,0
BRDA:110,3,0,0
BRDA:110,3,1,0
BRDA:131,4,0,0
BRDA:131,4,1,0
BRDA:152,5,0,0
BRDA:152,5,1,0
BRDA:153,6,0,0
BRDA:153,6,1,0
BRF:14
BRH:0
end_of_record
TN:
SF:src/features/1_lists/components/ListSettings_MODAL/ListSettings_MODAL.tsx
FN:62,ListSettings_MODAL
FN:65,(anonymous_1)
FN:66,(anonymous_2)
FN:89,(anonymous_3)
FN:94,(anonymous_4)
FN:100,(anonymous_5)
FN:105,(anonymous_6)
FN:157,(anonymous_7)
FN:163,(anonymous_8)
FN:164,(anonymous_9)
FN:176,(anonymous_10)
FN:177,(anonymous_11)
FN:197,(anonymous_12)
FN:198,(anonymous_13)
FN:199,(anonymous_14)
FN:209,(anonymous_15)
FN:210,(anonymous_16)
FN:221,(anonymous_17)
FN:239,(anonymous_18)
FN:241,(anonymous_19)
FN:251,(anonymous_20)
FN:252,(anonymous_21)
FN:260,(anonymous_22)
FN:264,(anonymous_23)
FN:269,(anonymous_24)
FN:271,(anonymous_25)
FN:272,(anonymous_26)
FN:278,(anonymous_27)
FN:280,(anonymous_28)
FN:293,(anonymous_29)
FN:295,(anonymous_30)
FN:311,(anonymous_31)
FN:312,(anonymous_32)
FN:325,HowDoesSharingListWork_MODAL
FN:327,(anonymous_34)
FN:348,HowDoesPublishingListWork_MODAL
FN:350,(anonymous_36)
FN:372,SharedWithUsers_BULLETS
FN:388,(anonymous_38)
FN:411,ListSharing_BLOCK
FN:447,(anonymous_40)
FN:488,ListPublishing_BLOCK
FN:504,(anonymous_42)
FN:530,(anonymous_43)
FNF:44
FNH:0
FNDA:0,ListSettings_MODAL
FNDA:0,(anonymous_1)
FNDA:0,(anonymous_2)
FNDA:0,(anonymous_3)
FNDA:0,(anonymous_4)
FNDA:0,(anonymous_5)
FNDA:0,(anonymous_6)
FNDA:0,(anonymous_7)
FNDA:0,(anonymous_8)
FNDA:0,(anonymous_9)
FNDA:0,(anonymous_10)
FNDA:0,(anonymous_11)
FNDA:0,(anonymous_12)
FNDA:0,(anonymous_13)
FNDA:0,(anonymous_14)
FNDA:0,(anonymous_15)
FNDA:0,(anonymous_16)
FNDA:0,(anonymous_17)
FNDA:0,(anonymous_18)
FNDA:0,(anonymous_19)
FNDA:0,(anonymous_20)
FNDA:0,(anonymous_21)
FNDA:0,(anonymous_22)
FNDA:0,(anonymous_23)
FNDA:0,(anonymous_24)
FNDA:0,(anonymous_25)
FNDA:0,(anonymous_26)
FNDA:0,(anonymous_27)
FNDA:0,(anonymous_28)
FNDA:0,(anonymous_29)
FNDA:0,(anonymous_30)
FNDA:0,(anonymous_31)
FNDA:0,(anonymous_32)
FNDA:0,HowDoesSharingListWork_MODAL
FNDA:0,(anonymous_34)
FNDA:0,HowDoesPublishingListWork_MODAL
FNDA:0,(anonymous_36)
FNDA:0,SharedWithUsers_BULLETS
FNDA:0,(anonymous_38)
FNDA:0,ListSharing_BLOCK
FNDA:0,(anonymous_40)
FNDA:0,ListPublishing_BLOCK
FNDA:0,(anonymous_42)
FNDA:0,(anonymous_43)
DA:68,0
DA:69,0
DA:70,0
DA:71,0
DA:72,0
DA:74,0
DA:76,0
DA:88,0
DA:89,0
DA:90,0
DA:94,0
DA:99,0
DA:100,0
DA:101,0
DA:105,0
DA:114,0
DA:123,0
DA:125,0
DA:157,0
DA:163,0
DA:165,0
DA:177,0
DA:178,0
DA:179,0
DA:197,0
DA:198,0
DA:199,0
DA:209,0
DA:210,0
DA:221,0
DA:239,0
DA:242,0
DA:251,0
DA:253,0
DA:254,0
DA:260,0
DA:264,0
DA:269,0
DA:272,0
DA:278,0
DA:281,0
DA:282,0
DA:293,0
DA:296,0
DA:297,0
DA:311,0
DA:313,0
DA:314,0
DA:318,0
DA:332,0
DA:355,0
DA:377,0
DA:379,0
DA:389,0
DA:430,0
DA:447,0
DA:503,0
DA:505,0
DA:513,0
DA:530,0
LF:60
LH:0
BRDA:63,0,0,0
BRDA:65,1,0,0
BRDA:66,2,0,0
BRDA:148,3,0,0
BRDA:148,3,1,0
BRDA:153,4,0,0
BRDA:153,4,1,0
BRDA:240,5,0,0
BRDA:240,5,1,0
BRDA:326,6,0,0
BRDA:327,7,0,0
BRDA:349,8,0,0
BRDA:350,9,0,0
BRDA:373,10,0,0
BRDA:379,11,0,0
BRDA:379,11,1,0
BRDA:401,12,0,0
BRDA:401,12,1,0
BRDA:401,13,0,0
BRDA:401,13,1,0
BRDA:432,14,0,0
BRDA:432,14,1,0
BRDA:437,15,0,0
BRDA:437,15,1,0
BRDA:439,16,0,0
BRDA:439,16,1,0
BRDA:453,17,0,0
BRDA:453,17,1,0
BRDA:456,18,0,0
BRDA:456,18,1,0
BRDA:458,19,0,0
BRDA:458,19,1,0
BRDA:470,20,0,0
BRDA:470,20,1,0
BRDA:472,21,0,0
BRDA:472,21,1,0
BRDA:484,22,0,0
BRDA:484,22,1,0
BRDA:505,23,0,0
BRDA:505,23,1,0
BRDA:505,24,0,0
BRDA:505,24,1,0
BRDA:507,25,0,0
BRDA:507,25,1,0
BRDA:515,26,0,0
BRDA:515,26,1,0
BRDA:520,27,0,0
BRDA:520,27,1,0
BRDA:522,28,0,0
BRDA:522,28,1,0
BRDA:537,29,0,0
BRDA:537,29,1,0
BRDA:546,30,0,0
BRDA:546,30,1,0
BRDA:548,31,0,0
BRDA:548,31,1,0
BRDA:561,32,0,0
BRDA:561,32,1,0
BRDA:568,33,0,0
BRDA:568,33,1,0
BRF:60
BRH:0
end_of_record
TN:
SF:src/features/1_lists/components/List_SKELETONS/List_SKELETONS.tsx
FN:8,List_SKELETONS
FN:26,SingleList_SKELETON
FNF:2
FNH:0
FNDA:0,List_SKELETONS
FNDA:0,SingleList_SKELETON
DA:9,0
DA:27,0
LF:2
LH:0
BRF:0
BRH:0
end_of_record
TN:
SF:src/features/1_lists/components/MyList_BTN/MyList_BTN.tsx
FN:21,_MyList_BTN
FN:44,(anonymous_1)
FN:48,(anonymous_2)
FN:130,(anonymous_3)
FNF:4
FNH:0
FNDA:0,_MyList_BTN
FNDA:0,(anonymous_1)
FNDA:0,(anonymous_2)
FNDA:0,(anonymous_3)
DA:42,0
DA:43,0
DA:44,0
DA:47,0
DA:48,0
DA:52,0
DA:130,0
DA:139,0
LF:8
LH:0
BRDA:22,0,0,0
BRDA:23,1,0,0
BRDA:24,2,0,0
BRDA:25,3,0,0
BRDA:26,4,0,0
BRDA:30,5,0,0
BRDA:58,6,0,0
BRDA:58,6,1,0
BRDA:63,7,0,0
BRDA:63,7,1,0
BRDA:75,8,0,0
BRDA:75,8,1,0
BRDA:75,8,2,0
BRDA:87,9,0,0
BRDA:87,9,1,0
BRDA:117,10,0,0
BRDA:117,10,1,0
BRDA:123,11,0,0
BRDA:123,11,1,0
BRF:19
BRH:0
end_of_record
TN:
SF:src/features/1_lists/components/MyLists_FLATLIST/MyLists_FLATLIST.tsx
FN:41,MyLists_FLATLIST
FN:50,(anonymous_1)
FN:55,(anonymous_2)
FN:61,(anonymous_3)
FN:66,(anonymous_4)
FN:74,(anonymous_5)
FN:75,(anonymous_6)
FNF:7
FNH:0
FNDA:0,MyLists_FLATLIST
FNDA:0,(anonymous_1)
FNDA:0,(anonymous_2)
FNDA:0,(anonymous_3)
FNDA:0,(anonymous_4)
FNDA:0,(anonymous_5)
FNDA:0,(anonymous_6)
DA:49,0
DA:50,0
DA:51,0
DA:52,0
DA:55,0
DA:56,0
DA:57,0
DA:58,0
DA:61,0
DA:62,0
DA:66,0
DA:70,0
DA:74,0
DA:75,0
LF:14
LH:0
BRDA:51,0,0,0
BRDA:51,0,1,0
BRDA:51,1,0,0
BRDA:51,1,1,0
BRDA:56,2,0,0
BRDA:56,2,1,0
BRDA:57,3,0,0
BRDA:57,3,1,0
BRDA:62,4,0,0
BRDA:62,4,1,0
BRF:10
BRH:0
end_of_record
TN:
SF:src/features/1_lists/components/MyLists_HEADER/MyLists_HEADER.tsx
FN:11,MyLists_HEADER
FNF:1
FNH:0
FNDA:0,MyLists_HEADER
DA:18,0
DA:19,0
LF:2
LH:0
BRDA:21,0,0,0
BRDA:21,0,1,0
BRF:2
BRH:0
end_of_record
TN:
SF:src/features/1_lists/components/MyLists_SUBNAV/MyLists_SUBNAV.tsx
FN:8,MyLists_SUBNAV
FNF:1
FNH:0
FNDA:0,MyLists_SUBNAV
DA:15,0
LF:1
LH:0
BRF:0
BRH:0
end_of_record
TN:
SF:src/features/1_lists/components/RenameList_MODAL/RenameList_MODAL.tsx
FN:39,RenameList_MODAL
FN:42,(anonymous_1)
FN:43,(anonymous_2)
FN:75,(anonymous_3)
FN:85,(anonymous_4)
FN:87,(anonymous_5)
FN:95,(anonymous_6)
FN:150,(anonymous_7)
FN:160,(anonymous_8)
FNF:9
FNH:0
FNDA:0,RenameList_MODAL
FNDA:0,(anonymous_1)
FNDA:0,(anonymous_2)
FNDA:0,(anonymous_3)
FNDA:0,(anonymous_4)
FNDA:0,(anonymous_5)
FNDA:0,(anonymous_6)
FNDA:0,(anonymous_7)
FNDA:0,(anonymous_8)
DA:45,0
DA:46,0
DA:47,0
DA:48,0
DA:49,0
DA:57,0
DA:68,0
DA:75,0
DA:76,0
DA:77,0
DA:79,0
DA:80,0
DA:82,0
DA:85,0
DA:87,0
DA:88,0
DA:95,0
DA:96,0
DA:97,0
DA:100,0
DA:151,0
DA:161,0
DA:162,0
LF:23
LH:0
BRDA:41,0,0,0
BRDA:42,1,0,0
BRDA:43,2,0,0
BRDA:59,3,0,0
BRDA:59,3,1,0
BRDA:76,4,0,0
BRDA:76,4,1,0
BRDA:79,5,0,0
BRDA:79,5,1,0
BRDA:110,6,0,0
BRDA:110,6,1,0
BRDA:114,7,0,0
BRDA:114,7,1,0
BRDA:116,8,0,0
BRDA:116,8,1,0
BRDA:117,9,0,0
BRDA:117,9,1,0
BRDA:159,10,0,0
BRDA:159,10,1,0
BRDA:167,11,0,0
BRDA:167,11,1,0
BRDA:168,12,0,0
BRDA:168,12,1,0
BRDA:168,12,2,0
BRF:24
BRH:0
end_of_record
TN:
SF:src/features/1_lists/components/SelectMyList_MODAL/SelectMyList_MODAL.tsx
FN:49,SelectMyList_MODAL
FN:67,(anonymous_1)
FN:92,(anonymous_2)
FN:115,(anonymous_3)
FN:130,(anonymous_4)
FN:131,(anonymous_5)
FN:139,_MyLists_FLATLIST
FN:164,(anonymous_7)
FN:173,(anonymous_8)
FN:184,(anonymous_9)
FN:203,(anonymous_10)
FNF:11
FNH:0
FNDA:0,SelectMyList_MODAL
FNDA:0,(anonymous_1)
FNDA:0,(anonymous_2)
FNDA:0,(anonymous_3)
FNDA:0,(anonymous_4)
FNDA:0,(anonymous_5)
FNDA:0,_MyLists_FLATLIST
FNDA:0,(anonymous_7)
FNDA:0,(anonymous_8)
FNDA:0,(anonymous_9)
FNDA:0,(anonymous_10)
DA:57,0
DA:58,0
DA:59,0
DA:61,0
DA:65,0
DA:67,0
DA:68,0
DA:71,0
DA:92,0
DA:116,0
DA:117,0
DA:130,0
DA:132,0
DA:150,0
DA:151,0
DA:165,0
DA:174,0
DA:184,0
DA:190,0
DA:191,0
DA:201,0
DA:203,0
DA:209,0
LF:23
LH:0
BRDA:51,0,0,0
BRDA:74,1,0,0
BRDA:74,1,1,0
BRDA:97,2,0,0
BRDA:97,2,1,0
BRDA:111,3,0,0
BRDA:111,3,1,0
BRDA:113,4,0,0
BRDA:113,4,1,0
BRDA:116,5,0,0
BRDA:116,5,1,0
BRDA:116,6,0,0
BRDA:116,6,1,0
BRDA:150,7,0,0
BRDA:150,7,1,0
BRDA:150,8,0,0
BRDA:150,8,1,0
BRDA:169,9,0,0
BRDA:169,9,1,0
BRDA:176,10,0,0
BRDA:176,10,1,0
BRDA:179,11,0,0
BRDA:179,11,1,0
BRDA:190,12,0,0
BRDA:190,12,1,0
BRDA:190,13,0,0
BRDA:190,13,1,0
BRF:27
BRH:0
end_of_record
TN:
SF:src/features/1_lists/components/VocabDifficulty_COUNTS/VocabDifficulty_COUNTS.tsx
FN:12,VocabDifficulty_COUNTS
FNF:1
FNH:0
FNDA:0,VocabDifficulty_COUNTS
DA:23,0
LF:1
LH:0
BRDA:13,0,0,0
BRDA:14,1,0,0
BRDA:15,2,0,0
BRDA:16,3,0,0
BRDA:30,4,0,0
BRDA:30,4,1,0
BRDA:34,5,0,0
BRDA:34,5,1,0
BRDA:37,6,0,0
BRDA:37,6,1,0
BRDA:40,7,0,0
BRDA:40,7,1,0
BRF:12
BRH:0
end_of_record
TN:
SF:src/features/1_lists/components/VocabDifficulty_COUNTS/SingleVocabDifficulty_COUNT/SingleVocabDifficulty_COUNT.tsx
FN:10,SingleVocabDifficulty_COUNT
FNF:1
FNH:0
FNDA:0,SingleVocabDifficulty_COUNT
DA:17,0
DA:28,0
LF:2
LH:0
BRDA:19,0,0,0
BRDA:19,0,1,0
BRDA:21,1,0,0
BRDA:21,1,1,0
BRDA:23,2,0,0
BRDA:23,2,1,0
BRF:6
BRH:0
end_of_record
TN:
SF:src/features/1_lists/hooks/USE_collectListLangs.ts
FN:13,USE_collectListLangs
FN:20,(anonymous_1)
FN:27,(anonymous_2)
FN:65,(anonymous_3)
FN:67,(anonymous_4)
FN:76,(anonymous_5)
FN:77,(anonymous_6)
FNF:7
FNH:0
FNDA:0,USE_collectListLangs
FNDA:0,(anonymous_1)
FNDA:0,(anonymous_2)
FNDA:0,(anonymous_3)
FNDA:0,(anonymous_4)
FNDA:0,(anonymous_5)
FNDA:0,(anonymous_6)
DA:14,0
DA:15,0
DA:19,0
DA:20,0
DA:25,0
DA:27,0
DA:36,0
DA:38,0
DA:39,0
DA:40,0
DA:46,0
DA:47,0
DA:49,0
DA:50,0
DA:51,0
DA:52,0
DA:59,0
DA:64,0
DA:65,0
DA:66,0
DA:67,0
DA:68,0
DA:73,0
DA:76,0
DA:77,0
DA:78,0
DA:82,0
DA:83,0
DA:85,0
DA:87,0
DA:88,0
DA:90,0
DA:95,0
DA:99,0
LF:34
LH:0
BRDA:38,0,0,0
BRDA:38,0,1,0
BRDA:50,1,0,0
BRDA:50,1,1,0
BRDA:66,2,0,0
BRDA:66,2,1,0
BRDA:78,3,0,0
BRDA:78,3,1,0
BRDA:82,4,0,0
BRDA:82,4,1,0
BRDA:83,5,0,0
BRDA:83,5,1,0
BRF:12
BRH:0
end_of_record
TN:
SF:src/features/1_lists/hooks/USE_collectMyListLangs.tsx
FN:6,USE_collectMyListLangs
FN:9,(anonymous_1)
FN:20,(anonymous_2)
FN:22,(anonymous_3)
FN:35,(anonymous_4)
FNF:5
FNH:0
FNDA:0,USE_collectMyListLangs
FNDA:0,(anonymous_1)
FNDA:0,(anonymous_2)
FNDA:0,(anonymous_3)
FNDA:0,(anonymous_4)
DA:7,0
DA:9,0
DA:11,0
DA:13,0
DA:19,0
DA:22,0
DA:23,0
DA:27,0
DA:30,0
DA:35,0
DA:38,0
LF:11
LH:0
BRDA:11,0,0,0
BRDA:11,0,1,0
BRDA:15,1,0,0
BRDA:15,1,1,0
BRDA:23,2,0,0
BRDA:23,2,1,0
BRF:6
BRH:0
end_of_record
TN:
SF:src/features/1_lists/hooks/USE_copyListAndItsVocabs.tsx
FN:17,USE_copyListAndItsVocabs
FN:21,(anonymous_1)
FN:24,(anonymous_2)
FN:29,(anonymous_3)
FN:91,(anonymous_4)
FN:92,(anonymous_5)
FN:123,(anonymous_6)
FN:124,(anonymous_7)
FNF:8
FNH:0
FNDA:0,USE_copyListAndItsVocabs
FNDA:0,(anonymous_1)
FNDA:0,(anonymous_2)
FNDA:0,(anonymous_3)
FNDA:0,(anonymous_4)
FNDA:0,(anonymous_5)
FNDA:0,(anonymous_6)
FNDA:0,(anonymous_7)
DA:18,0
DA:19,0
DA:21,0
DA:23,0
DA:25,0
DA:29,0
DA:38,0
DA:39,0
DA:42,0
DA:43,0
DA:44,0
[...]
BRDA:101,7,1,0
BRF:16
BRH:0
end_of_record
TN:
SF:src/features/5_users/hooks/USE_fetchListAccesses.ts
FN:8,USE_fetchListAccesses
FN:13,(anonymous_1)
FNF:2
FNH:0
FNDA:0,USE_fetchListAccesses
FNDA:0,(anonymous_1)
DA:9,0
DA:10,0
DA:12,0
DA:15,0
DA:16,0
DA:17,0
DA:18,0
DA:19,0
DA:26,0
DA:27,0
DA:28,0
DA:29,0
DA:30,0
DA:38,0
DA:39,0
DA:41,0
DA:43,0
DA:50,0
DA:51,0
DA:52,0
DA:53,0
DA:61,0
DA:68,0
DA:69,0
DA:70,0
DA:77,0
DA:83,0
LF:27
LH:0
BRDA:15,0,0,0
BRDA:15,0,1,0
BRDA:26,1,0,0
BRDA:26,1,1,0
BRDA:50,2,0,0
BRDA:50,2,1,0
BRF:6
BRH:0
end_of_record
TN:
SF:src/features/5_users/hooks/USE_fetchUsers.ts
FN:4,USE_fetchUsers
FN:9,(anonymous_1)
FNF:2
FNH:0
FNDA:0,USE_fetchUsers
FNDA:0,(anonymous_1)
DA:5,0
DA:6,0
DA:8,0
DA:20,0
DA:21,0
DA:23,0
DA:25,0
DA:27,0
DA:28,0
DA:32,0
DA:33,0
DA:37,0
DA:43,0
DA:44,0
DA:45,0
DA:46,0
DA:54,0
DA:61,0
DA:62,0
DA:63,0
DA:70,0
DA:76,0
LF:22
LH:0
BRDA:10,0,0,0
BRDA:11,1,0,0
BRDA:12,2,0,0
BRDA:13,3,0,0
BRDA:27,4,0,0
BRDA:27,4,1,0
BRDA:32,5,0,0
BRDA:32,5,1,0
BRDA:43,6,0,0
BRDA:43,6,1,0
BRF:10
BRH:0
end_of_record
TN:
SF:src/features/5_users/hooks/USE_fetchUsersById.ts
FN:4,USE_fetchUsersById
FN:8,(anonymous_1)
FNF:2
FNH:0
FNDA:0,USE_fetchUsersById
FNDA:0,(anonymous_1)
DA:5,0
DA:6,0
DA:8,0
DA:9,0
DA:10,0
DA:12,0
DA:14,0
DA:20,0
DA:21,0
DA:22,0
DA:23,0
DA:31,0
DA:38,0
DA:39,0
DA:40,0
DA:47,0
DA:51,0
LF:17
LH:0
BRDA:20,0,0,0
BRDA:20,0,1,0
BRF:2
BRH:0
end_of_record
TN:
SF:src/features/5_users/hooks/USE_observeList.tsx
FN:9,USE_observeList
FN:14,(anonymous_1)
FN:24,(anonymous_2)
FN:28,(anonymous_3)
FNF:4
FNH:0
FNDA:0,USE_observeList
FNDA:0,(anonymous_1)
FNDA:0,(anonymous_2)
FNDA:0,(anonymous_3)
DA:12,0
DA:14,0
DA:16,0
DA:17,0
DA:18,0
DA:22,0
DA:24,0
DA:28,0
DA:31,0
LF:9
LH:0
BRDA:16,0,0,0
BRDA:16,0,1,0
BRF:2
BRH:0
end_of_record
TN:
SF:src/features/5_users/hooks/USE_observeUserUnreadNotificationCount.tsx
FN:9,USE_observeUserUnreadNotificationCount
FN:14,(anonymous_1)
FN:27,(anonymous_2)
FN:33,(anonymous_3)
FNF:4
FNH:0
FNDA:0,USE_observeUserUnreadNotificationCount
FNDA:0,(anonymous_1)
FNDA:0,(anonymous_2)
FNDA:0,(anonymous_3)
DA:12,0
DA:14,0
DA:16,0
DA:19,0
DA:26,0
DA:28,0
DA:33,0
DA:36,0
LF:8
LH:0
BRDA:16,0,0,0
BRDA:16,0,1,0
BRF:2
BRH:0
end_of_record
TN:
SF:src/features/5_users/hooks/USE_observeUserVocabCount.tsx
FN:9,USE_observeUserVocabCount
FN:12,(anonymous_1)
FN:24,(anonymous_2)
FN:30,(anonymous_3)
FNF:4
FNH:0
FNDA:0,USE_observeUserVocabCount
FNDA:0,(anonymous_1)
FNDA:0,(anonymous_2)
FNDA:0,(anonymous_3)
DA:10,0
DA:12,0
DA:14,0
DA:17,0
DA:23,0
DA:25,0
DA:30,0
DA:33,0
LF:8
LH:0
BRDA:14,0,0,0
BRDA:14,0,1,0
BRF:2
BRH:0
end_of_record
TN:
SF:src/features/5_users/hooks/USE_supabaseUsers.tsx
FN:8,USE_supabaseUsers
FN:30,(anonymous_1)
FN:43,(anonymous_2)
FN:73,(anonymous_3)
FN:106,(anonymous_4)
FN:115,(anonymous_5)
FNF:6
FNH:0
FNDA:0,USE_supabaseUsers
FNDA:0,(anonymous_1)
FNDA:0,(anonymous_2)
FNDA:0,(anonymous_3)
FNDA:0,(anonymous_4)
FNDA:0,(anonymous_5)
DA:21,0
DA:22,0
DA:23,0
DA:25,0
DA:26,0
DA:27,0
DA:28,0
DA:30,0
DA:31,0
DA:35,0
DA:36,0
DA:37,0
DA:38,0
DA:39,0
DA:43,0
DA:44,0
DA:47,0
DA:58,0
DA:60,0
DA:61,0
DA:62,0
DA:63,0
DA:66,0
DA:68,0
DA:69,0
DA:73,0
DA:74,0
DA:75,0
DA:77,0
DA:79,0
DA:94,0
DA:99,0
DA:100,0
DA:101,0
DA:102,0
DA:106,0
DA:108,0
DA:109,0
DA:111,0
DA:115,0
DA:116,0
DA:117,0
DA:119,0
DA:120,0
DA:121,0
DA:123,0
DA:124,0
DA:131,0
LF:48
LH:0
BRDA:9,0,0,0
BRDA:10,1,0,0
BRDA:11,2,0,0
BRDA:12,3,0,0
BRDA:13,4,0,0
BRDA:31,5,0,0
BRDA:31,5,1,0
BRDA:32,6,0,0
BRDA:32,6,1,0
BRDA:32,6,2,0
BRDA:32,6,3,0
BRDA:47,7,0,0
BRDA:47,7,1,0
BRDA:60,8,0,0
BRDA:60,8,1,0
BRDA:66,9,0,0
BRDA:66,9,1,0
BRDA:79,10,0,0
BRDA:79,10,1,0
BRDA:99,11,0,0
BRDA:99,11,1,0
BRDA:106,12,0,0
BRDA:106,12,1,0
BRF:23
BRH:0
end_of_record
TN:
SF:src/features/5_users/hooks/USE_updateListAccesses.ts
FN:4,USE_updateListAccesses
FN:9,(anonymous_1)
FN:41,(anonymous_2)
FN:45,(anonymous_3)
FN:49,(anonymous_4)
FN:53,(anonymous_5)
FN:60,(anonymous_6)
FNF:7
FNH:0
FNDA:0,USE_updateListAccesses
FNDA:0,(anonymous_1)
FNDA:0,(anonymous_2)
FNDA:0,(anonymous_3)
FNDA:0,(anonymous_4)
FNDA:0,(anonymous_5)
FNDA:0,(anonymous_6)
DA:5,0
DA:6,0
DA:8,0
DA:18,0
DA:19,0
DA:21,0
DA:23,0
DA:29,0
DA:30,0
DA:31,0
DA:32,0
DA:41,0
DA:44,0
DA:45,0
DA:48,0
DA:49,0
DA:53,0
DA:54,0
DA:60,0
DA:61,0
DA:70,0
DA:72,0
DA:78,0
DA:79,0
DA:80,0
DA:86,0
DA:92,0
LF:27
LH:0
BRDA:29,0,0,0
BRDA:29,0,1,0
BRDA:41,1,0,0
BRDA:41,1,1,0
BRF:4
BRH:0
end_of_record
TN:
SF:src/features/5_users/utils/CREATE_watermelonUser.ts
FN:20,CREATE_watermelonUser
FN:32,(anonymous_1)
FN:33,(anonymous_2)
FNF:3
FNH:0
FNDA:0,CREATE_watermelonUser
FNDA:0,(anonymous_1)
FNDA:0,(anonymous_2)
DA:10,0
DA:23,0
DA:24,0
DA:28,0
DA:32,0
DA:33,0
DA:34,0
DA:35,0
DA:36,0
DA:37,0
DA:38,0
DA:39,0
DA:43,0
DA:44,0
DA:48,0
DA:51,0
LF:16
LH:0
BRDA:23,0,0,0
BRDA:23,0,1,0
BRDA:43,1,0,0
BRDA:43,1,1,0
BRF:4
BRH:0
end_of_record
TN:
SF:src/features/5_users/utils/FETCH_mySupabaseProfile.ts
FN:15,FETCH_mySupabaseProfile
FNF:1
FNH:0
FNDA:0,FETCH_mySupabaseProfile
DA:13,0
DA:18,0
DA:19,0
DA:20,0
DA:26,0
DA:32,0
DA:39,0
DA:41,0
DA:46,0
DA:54,0
DA:59,0
DA:67,0
DA:70,0
DA:74,0
DA:82,0
DA:89,0
LF:16
LH:0
BRDA:19,0,0,0
BRDA:19,0,1,0
BRDA:39,1,0,0
BRDA:39,1,1,0
BRDA:41,2,0,0
BRDA:41,2,1,0
BRDA:70,3,0,0
BRDA:70,3,1,0
BRDA:71,4,0,0
BRDA:71,4,1,0
BRDA:84,5,0,0
BRDA:84,5,1,0
BRDA:87,6,0,0
BRDA:87,6,1,0
BRF:14
BRH:0
end_of_record
TN:
SF:src/features/5_users/utils/FETCH_watermelonUser.ts
FN:8,FETCH_watermelonUser
FNF:1
FNH:0
FNDA:0,FETCH_watermelonUser
DA:9,0
DA:14,0
LF:2
LH:0
BRDA:14,0,0,0
BRDA:14,0,1,0
BRF:2
BRH:0
end_of_record
TN:
SF:src/features/5_users/utils/REFRESH_zustandUser.ts
FN:9,REFRESH_zustandUser
FNF:1
FNH:0
FNDA:0,REFRESH_zustandUser
DA:16,0
DA:17,0
DA:20,0
DA:21,0
DA:25,0
DA:30,0
DA:31,0
DA:35,0
LF:8
LH:0
BRDA:16,0,0,0
BRDA:16,0,1,0
BRDA:20,1,0,0
BRDA:20,1,1,0
BRDA:30,2,0,0
BRDA:30,2,1,0
BRF:6
BRH:0
end_of_record
TN:
SF:src/features/6_notifications/hooks/USE_fetchNotifications.tsx
FN:7,USE_fetchNotifications
FN:15,(anonymous_1)
FN:25,(anonymous_2)
FNF:3
FNH:0
FNDA:0,USE_fetchNotifications
FNDA:0,(anonymous_1)
FNDA:0,(anonymous_2)
DA:9,0
DA:10,0
DA:11,0
DA:15,0
DA:17,0
DA:18,0
DA:20,0
DA:21,0
DA:25,0
DA:26,0
DA:27,0
DA:29,0
DA:31,0
DA:32,0
DA:33,0
DA:34,0
DA:38,0
DA:44,0
DA:47,0
DA:48,0
DA:52,0
DA:56,0
DA:59,0
DA:63,0
DA:67,0
DA:71,0
LF:26
LH:0
BRDA:17,0,0,0
BRDA:17,0,1,0
BRDA:31,1,0,0
BRDA:31,1,1,0
BRDA:47,2,0,0
BRDA:47,2,1,0
BRDA:56,3,0,0
BRDA:56,3,1,0
BRF:8
BRH:0
end_of_record
TN:
SF:src/features/6_notifications/hooks/USE_updateNotification.tsx
FN:10,USE_updateNotification
FN:14,(anonymous_1)
FN:17,(anonymous_2)
FN:22,(anonymous_3)
FN:40,(anonymous_4)
FN:47,(anonymous_5)
FNF:6
FNH:0
FNDA:0,USE_updateNotification
FNDA:0,(anonymous_1)
FNDA:0,(anonymous_2)
FNDA:0,(anonymous_3)
FNDA:0,(anonymous_4)
FNDA:0,(anonymous_5)
DA:12,0
DA:13,0
DA:14,0
DA:16,0
DA:18,0
DA:22,0
DA:30,0
DA:32,0
DA:33,0
DA:34,0
DA:37,0
DA:38,0
DA:40,0
DA:41,0
DA:43,0
DA:44,0
DA:47,0
DA:48,0
DA:51,0
DA:54,0
DA:56,0
DA:57,0
DA:61,0
DA:63,0
DA:68,0
DA:72,0
LF:26
LH:0
BRDA:32,0,0,0
BRDA:32,0,1,0
BRDA:43,1,0,0
BRDA:43,1,1,0
BRDA:56,2,0,0
BRDA:56,2,1,0
BRF:6
BRH:0
end_of_record
TN:
SF:src/features/7_payments/hooks/USE_fetchPayments.tsx
FN:7,USE_fetchPayments
FN:12,(anonymous_1)
FN:22,(anonymous_2)
FNF:3
FNH:0
FNDA:0,USE_fetchPayments
FNDA:0,(anonymous_1)
FNDA:0,(anonymous_2)
DA:8,0
DA:9,0
DA:10,0
DA:12,0
DA:14,0
DA:15,0
DA:17,0
DA:18,0
DA:22,0
DA:23,0
DA:24,0
DA:26,0
DA:28,0
DA:29,0
DA:30,0
DA:31,0
DA:35,0
DA:41,0
DA:44,0
DA:45,0
DA:49,0
DA:53,0
DA:56,0
DA:57,0
DA:59,0
DA:63,0
LF:26
LH:0
BRDA:14,0,0,0
BRDA:14,0,1,0
BRDA:28,1,0,0
BRDA:28,1,1,0
BRDA:44,2,0,0
BRDA:44,2,1,0
BRDA:53,3,0,0
BRDA:53,3,1,0
BRF:8
BRH:0
end_of_record
TN:
SF:src/features/future/tags/GET_uniqueTagsInAList/GET_uniqueTagsInAList.ts
FN:7,GET_uniqueTagsInAList
FN:8,(anonymous_1)
FN:9,(anonymous_2)
FNF:3
FNH:0
FNDA:0,GET_uniqueTagsInAList
FNDA:0,(anonymous_1)
FNDA:0,(anonymous_2)
DA:8,0
DA:9,0
DA:10,0
DA:13,0
DA:16,0
LF:5
LH:0
BRDA:10,0,0,0
BRDA:10,0,1,0
BRF:2
BRH:0
end_of_record
TN:
SF:src/features/future/tags/SelectTags_MODAL/SelectTags_MODAL.tsx
FN:48,SelectTags_MODAL
FN:64,(anonymous_1)
FN:71,(anonymous_2)
FN:81,(anonymous_3)
FN:86,SELECT_tag
FN:88,(anonymous_5)
FN:92,(anonymous_6)
FN:94,(anonymous_7)
FN:97,(anonymous_8)
FN:99,(anonymous_9)
FN:106,(anonymous_10)
FN:158,(anonymous_11)
FN:165,(anonymous_12)
FN:169,(anonymous_13)
FN:174,(anonymous_14)
FN:176,(anonymous_15)
FN:191,(anonymous_16)
FN:209,(anonymous_17)
FN:214,(anonymous_18)
FN:227,(anonymous_19)
FNF:20
FNH:0
FNDA:0,SelectTags_MODAL
FNDA:0,(anonymous_1)
FNDA:0,(anonymous_2)
FNDA:0,(anonymous_3)
FNDA:0,SELECT_tag
FNDA:0,(anonymous_5)
FNDA:0,(anonymous_6)
FNDA:0,(anonymous_7)
FNDA:0,(anonymous_8)
FNDA:0,(anonymous_9)
FNDA:0,(anonymous_10)
FNDA:0,(anonymous_11)
FNDA:0,(anonymous_12)
FNDA:0,(anonymous_13)
FNDA:0,(anonymous_14)
FNDA:0,(anonymous_15)
FNDA:0,(anonymous_16)
FNDA:0,(anonymous_17)
FNDA:0,(anonymous_18)
FNDA:0,(anonymous_19)
DA:55,0
DA:56,0
DA:58,0
DA:59,0
DA:64,0
DA:65,0
DA:66,0
DA:67,0
DA:68,0
DA:71,0
DA:72,0
DA:73,0
DA:74,0
DA:75,0
DA:76,0
DA:80,0
DA:82,0
DA:87,0
DA:88,0
DA:91,0
DA:92,0
DA:93,0
DA:94,0
DA:97,0
DA:98,0
DA:100,0
DA:104,0
DA:106,0
DA:108,0
DA:159,0
DA:165,0
DA:169,0
DA:174,0
DA:176,0
DA:191,0
DA:210,0
DA:214,0
DA:228,0
LF:38
LH:0
BRDA:53,0,0,0
BRDA:66,1,0,0
BRDA:66,1,1,0
BRDA:74,2,0,0
BRDA:74,2,1,0
BRDA:80,3,0,0
BRDA:80,3,1,0
BRDA:91,4,0,0
BRDA:91,4,1,0
BRDA:93,5,0,0
BRDA:93,5,1,0
BRDA:111,6,0,0
BRDA:111,6,1,0
BRDA:165,7,0,0
BRDA:165,7,1,0
BRDA:176,8,0,0
BRDA:176,8,1,0
BRDA:185,9,0,0
BRDA:185,9,1,0
BRDA:185,10,0,0
BRDA:185,10,1,0
BRDA:224,11,0,0
BRDA:224,11,1,0
BRF:23
BRH:0
end_of_record
TN:
SF:src/features/future/tags/Tags_CONTROLLER/Tags_CONTROLLER.tsx
FN:23,Tags_CONTROLLER
FN:32,(anonymous_1)
FN:45,(anonymous_2)
FNF:3
FNH:0
FNDA:0,Tags_CONTROLLER
FNDA:0,(anonymous_1)
FNDA:0,(anonymous_2)
DA:27,0
DA:28,0
DA:33,0
DA:46,0
LF:4
LH:0
BRF:0
BRH:0
end_of_record
TN:
SF:src/hooks/USE_error.tsx
FN:6,USE_error
FN:11,(anonymous_1)
FN:17,(anonymous_2)
FNF:3
FNH:0
FNDA:0,USE_error
FNDA:0,(anonymous_1)
FNDA:0,(anonymous_2)
DA:7,0
DA:8,0
DA:9,0
DA:11,0
DA:12,0
DA:13,0
DA:14,0
DA:17,0
DA:18,0
DA:19,0
DA:20,0
DA:23,0
LF:12
LH:0
BRF:0
BRH:0
end_of_record
TN:
SF:src/hooks/USE_isSearching.tsx
FN:7,USE_isSearching
FN:17,(anonymous_1)
FNF:2
FNH:0
FNDA:0,USE_isSearching
FNDA:0,(anonymous_1)
DA:16,0
DA:17,0
LF:2
LH:0
BRDA:8,0,0,0
BRDA:9,1,0,0
BRDA:10,2,0,0
BRDA:17,3,0,0
BRDA:17,3,1,0
BRDA:17,3,2,0
BRF:6
BRH:0
end_of_record
TN:
SF:src/hooks/USE_modalToggles.tsx
FN:17,(anonymous_0)
FN:41,USE_modalToggles
FN:44,(anonymous_2)
FN:54,(anonymous_3)
FNF:4
FNH:0
FNDA:0,(anonymous_0)
FNDA:0,USE_modalToggles
FNDA:0,(anonymous_2)
FNDA:0,(anonymous_3)
DA:8,0
DA:17,0
DA:24,0
DA:27,0
DA:29,0
DA:31,0
DA:36,0
DA:43,0
DA:45,0
DA:46,0
DA:51,0
DA:54,0
DA:55,0
DA:58,0
LF:14
LH:0
BRDA:27,0,0,0
BRDA:27,0,1,0
BRDA:29,1,0,0
BRDA:29,1,1,0
BRDA:33,2,0,0
BRDA:33,2,1,0
BRDA:44,3,0,0
BRDA:54,4,0,0
BRF:8
BRH:0
end_of_record
TN:
SF:src/hooks/USE_pagination.tsx
FN:7,USE_pagination
FN:9,(anonymous_1)
FN:17,(anonymous_2)
FN:25,(anonymous_3)
FNF:4
FNH:0
FNDA:0,USE_pagination
FNDA:0,(anonymous_1)
FNDA:0,(anonymous_2)
FNDA:0,(anonymous_3)
DA:14,0
DA:15,0
DA:17,0
DA:18,0
DA:19,0
DA:20,0
DA:21,0
DA:22,0
DA:25,0
DA:26,0
DA:27,0
DA:28,0
DA:31,0
LF:13
LH:0
BRDA:8,0,0,0
BRDA:9,1,0,0
BRF:2
BRH:0
end_of_record
TN:
SF:src/hooks/USE_participantsOfAList.tsx
FN:21,USE_listParticipants
FN:39,(anonymous_1)
FN:44,(anonymous_2)
FN:103,(anonymous_3)
FN:104,(anonymous_4)
FNF:5
FNH:0
FNDA:0,USE_listParticipants
FNDA:0,(anonymous_1)
FNDA:0,(anonymous_2)
FNDA:0,(anonymous_3)
FNDA:0,(anonymous_4)
DA:30,0
DA:33,0
DA:34,0
DA:38,0
DA:40,0
DA:44,0
DA:45,0
DA:46,0
DA:48,0
DA:49,0
DA:50,0
DA:53,0
DA:54,0
DA:57,0
DA:61,0
DA:63,0
DA:64,0
DA:67,0
DA:71,0
DA:74,0
DA:75,0
DA:80,0
DA:81,0
DA:85,0
DA:90,0
DA:93,0
DA:94,0
DA:99,0
DA:103,0
DA:104,0
DA:107,0
LF:31
LH:0
BRDA:24,0,0,0
BRDA:48,1,0,0
BRDA:48,1,1,0
BRDA:53,2,0,0
BRDA:53,2,1,0
BRDA:63,3,0,0
BRDA:63,3,1,0
BRDA:80,4,0,0
BRDA:80,4,1,0
BRDA:90,5,0,0
BRDA:90,5,1,0
BRF:11
BRH:0
end_of_record
TN:
SF:src/hooks/USE_showListHeaderTitle.tsx
FN:8,(anonymous_0)
FN:11,(anonymous_1)
FNF:2
FNH:0
FNDA:0,(anonymous_0)
FNDA:0,(anonymous_1)
DA:8,0
DA:9,0
DA:11,0
DA:12,0
DA:13,0
DA:16,0
LF:6
LH:0
BRF:0
BRH:0
end_of_record
TN:
SF:src/hooks/USE_supabaseVocabs.tsx
FN:26,USE_supabaseVocabs
FN:48,(anonymous_1)
FN:57,(anonymous_2)
FN:72,(anonymous_3)
FN:73,(anonymous_4)
FN:86,(anonymous_5)
FN:104,(anonymous_6)
FN:133,(anonymous_7)
FN:158,(anonymous_8)
FN:174,FETCH_publicLists
FNF:10
FNH:0
FNDA:0,USE_supabaseVocabs
FNDA:0,(anonymous_1)
FNDA:0,(anonymous_2)
FNDA:0,(anonymous_3)
FNDA:0,(anonymous_4)
FNDA:0,(anonymous_5)
FNDA:0,(anonymous_6)
FNDA:0,(anonymous_7)
FNDA:0,(anonymous_8)
FNDA:0,FETCH_publicLists
DA:39,0
DA:40,0
DA:41,0
DA:42,0
DA:46,0
DA:47,0
DA:48,0
DA:51,0
DA:56,0
DA:58,0
DA:63,0
DA:66,0
DA:72,0
DA:73,0
DA:74,0
DA:76,0
DA:78,0
DA:79,0
DA:80,0
DA:86,0
DA:87,0
DA:89,0
DA:91,0
DA:94,0
DA:103,0
DA:106,0
DA:107,0
DA:111,0
DA:112,0
DA:114,0
DA:116,0
DA:118,0
DA:119,0
DA:128,0
DA:130,0
DA:133,0
DA:134,0
DA:136,0
DA:137,0
DA:140,0
DA:141,0
DA:146,0
DA:147,0
DA:153,0
DA:158,0
DA:159,0
DA:160,0
DA:163,0
DA:175,0
DA:180,0
LF:50
LH:0
BRDA:67,0,0,0
BRDA:67,0,1,0
BRDA:74,1,0,0
BRDA:74,1,1,0
BRDA:78,2,0,0
BRDA:78,2,1,0
BRDA:86,3,0,0
BRDA:86,3,1,0
BRDA:87,4,0,0
BRDA:87,4,1,0
BRDA:89,5,0,0
BRDA:89,5,1,0
BRDA:106,6,0,0
BRDA:106,6,1,0
BRDA:114,7,0,0
BRDA:114,7,1,0
BRDA:128,8,0,0
BRDA:128,8,1,0
BRDA:134,9,0,0
BRDA:134,9,1,0
BRDA:136,10,0,0
BRDA:136,10,1,0
BRDA:154,11,0,0
BRDA:154,11,1,0
BRDA:180,12,0,0
BRDA:180,12,1,0
BRF:26
BRH:0
end_of_record
TN:
SF:src/hooks/USE_toggle.ts
FN:5,USE_toggle
FN:10,(anonymous_1)
FN:11,(anonymous_2)
FNF:3
FNH:0
FNDA:0,USE_toggle
FNDA:0,(anonymous_1)
FNDA:0,(anonymous_2)
DA:8,0
DA:10,0
DA:11,0
DA:14,0
LF:4
LH:0
BRF:0
BRH:0
end_of_record
TN:
SF:src/hooks/USE_totalUserVocabs.tsx
FN:4,(anonymous_0)
FN:7,(anonymous_1)
FN:12,(anonymous_2)
FNF:3
FNH:0
FNDA:0,(anonymous_0)
FNDA:0,(anonymous_1)
FNDA:0,(anonymous_2)
DA:4,0
DA:5,0
DA:7,0
DA:8,0
DA:10,0
DA:12,0
DA:15,0
LF:7
LH:0
BRDA:8,0,0,0
BRDA:8,0,1,0
BRF:2
BRH:0
end_of_record
TN:
SF:src/hooks/USE_async/USE_async.tsx
FN:11,USE_async
FN:20,(anonymous_1)
FN:38,(anonymous_2)
FN:41,(anonymous_3)
FN:69,(anonymous_4)
FNF:5
FNH:4
FNDA:22,USE_async
FNDA:0,(anonymous_1)
FNDA:1,(anonymous_2)
FNDA:5,(anonymous_3)
FNDA:11,(anonymous_4)
DA:34,22
DA:35,22
DA:36,22
DA:38,22
DA:40,22
DA:42,5
DA:43,5
DA:44,5
DA:46,5
DA:47,5
DA:48,4
DA:49,3
DA:51,1
DA:52,1
DA:55,1
DA:61,1
DA:63,5
DA:69,22
DA:70,11
DA:72,4
DA:73,4
DA:76,22
LF:22
LH:22
BRDA:17,0,0,22
BRDA:20,1,0,18
BRDA:21,2,0,22
BRDA:22,3,0,22
BRDA:48,4,0,3
BRDA:48,4,1,1
BRDA:70,5,0,7
BRDA:70,5,1,4
BRF:8
BRH:8
end_of_record
TN:
SF:src/hooks/USE_debounceSearch/USE_debounceSearch.tsx
FN:3,USE_debounceSearch
FN:9,(anonymous_1)
FN:17,(anonymous_2)
FN:22,(anonymous_3)
FNF:4
FNH:0
FNDA:0,USE_debounceSearch
FNDA:0,(anonymous_1)
FNDA:0,(anonymous_2)
FNDA:0,(anonymous_3)
DA:5,0
DA:6,0
DA:7,0
DA:9,0
DA:11,0
DA:12,0
DA:13,0
DA:14,0
DA:16,0
DA:17,0
DA:18,0
DA:19,0
DA:22,0
DA:23,0
DA:27,0
LF:15
LH:0
BRDA:11,0,0,0
BRDA:11,0,1,0
BRF:2
BRH:0
end_of_record
TN:
SF:src/hooks/USE_displaySettings/USE_displaySettings.tsx
FN:18,(anonymous_0)
FN:24,(anonymous_1)
FN:30,(anonymous_2)
FN:35,(anonymous_3)
FNF:4
FNH:0
FNDA:0,(anonymous_0)
FNDA:0,(anonymous_1)
FNDA:0,(anonymous_2)
FNDA:0,(anonymous_3)
DA:18,0
DA:19,0
DA:24,0
DA:25,0
DA:26,0
DA:30,0
DA:31,0
DA:35,0
DA:38,0
DA:39,0
DA:42,0
LF:11
LH:0
BRF:0
BRH:0
end_of_record
TN:
SF:src/hooks/USE_highlighedId/USE_highlighedId.ts
FN:9,USE_highlighedId
FN:16,(anonymous_1)
FN:22,(anonymous_2)
FNF:3
FNH:0
FNDA:0,USE_highlighedId
FNDA:0,(anonymous_1)
FNDA:0,(anonymous_2)
DA:7,0
DA:10,0
DA:13,0
DA:15,0
DA:17,0
DA:19,0
DA:20,0
DA:22,0
DA:23,0
DA:24,0
DA:30,0
LF:11
LH:0
BRDA:9,0,0,0
BRDA:17,1,0,0
BRDA:17,1,1,0
BRF:3
BRH:0
end_of_record
TN:
SF:src/hooks/USE_highlightBoolean/USE_highlightBoolean.ts
FN:8,USE_highlightBoolean
FN:11,(anonymous_1)
FN:16,(anonymous_2)
FNF:3
FNH:0
FNDA:0,USE_highlightBoolean
FNDA:0,(anonymous_1)
FNDA:0,(anonymous_2)
DA:9,0
DA:11,0
DA:12,0
DA:13,0
DA:16,0
DA:17,0
DA:22,0
LF:7
LH:0
BRDA:8,0,0,0
BRDA:12,1,0,0
BRDA:12,1,1,0
BRF:3
BRH:0
end_of_record
TN:
SF:src/lib/supabase.ts
FN:25,(anonymous_0)
FNF:1
FNH:0
FNDA:0,(anonymous_0)
DA:11,0
DA:25,0
DA:26,0
DA:27,0
DA:29,0
LF:5
LH:0
BRDA:26,0,0,0
BRDA:26,0,1,0
BRF:2
BRH:0
end_of_record
TN:
SF:src/services/userService.ts
FN:10,(anonymous_0)
FNF:1
FNH:0
FNDA:0,(anonymous_0)
DA:10,0
DA:11,0
DA:12,0
DA:18,0
DA:19,0
DA:22,0
DA:24,0
DA:25,0
LF:8
LH:0
BRDA:18,0,0,0
BRDA:18,0,1,0
BRF:2
BRH:0
end_of_record
TN:
SF:src/utils/CHECK_ifNetworkFailure.ts
FN:5,CHECK_ifNetworkFailure
FNF:1
FNH:0
FNDA:0,CHECK_ifNetworkFailure
DA:6,0
LF:1
LH:0
BRF:0
BRH:0
end_of_record
TN:
SF:src/utils/CONVERT_EpochToTimestampWithTimeZone.ts
FN:5,CONVERT_EpochToTimestampWithTimeZone
FNF:1
FNH:0
FNDA:0,CONVERT_EpochToTimestampWithTimeZone
DA:8,0
LF:1
LH:0
BRF:0
BRH:0
end_of_record
TN:
SF:src/utils/CONVERT_TimestampzToReadableDate.ts
FN:5,CONVERT_TimestampzToReadableDate
FNF:1
FNH:0
FNDA:0,CONVERT_TimestampzToReadableDate
DA:8,0
DA:10,0
DA:11,0
DA:12,0
DA:13,0
DA:14,0
DA:15,0
DA:17,0
LF:8
LH:0
BRF:0
BRH:0
end_of_record
TN:
SF:src/utils/CREATE_manualFormErrorFromDbResponse.ts
FN:12,CREATE_manualFormErrorFromDbResponse
FN:23,(anonymous_1)
FNF:2
FNH:0
FNDA:0,CREATE_manualFormErrorFromDbResponse
FNDA:0,(anonymous_1)
DA:21,0
DA:23,0
DA:24,0
LF:3
LH:0
BRDA:21,0,0,0
BRDA:21,0,1,0
BRF:2
BRH:0
end_of_record
TN:
SF:src/utils/Delay.ts
FN:5,Delay
FN:6,(anonymous_1)
FN:7,(anonymous_2)
FNF:3
FNH:0
FNDA:0,Delay
FNDA:0,(anonymous_1)
FNDA:0,(anonymous_2)
DA:6,0
DA:7,0
DA:8,0
LF:3
LH:0
BRDA:5,0,0,0
BRF:1
BRH:0
end_of_record
TN:
SF:src/utils/DisplaySettings.ts
FN:23,(anonymous_0)
FN:33,(anonymous_1)
FN:66,(anonymous_2)
FN:75,(anonymous_3)
FNF:4
FNH:0
FNDA:0,(anonymous_0)
FNDA:0,(anonymous_1)
FNDA:0,(anonymous_2)
FNDA:0,(anonymous_3)
DA:20,0
DA:23,0
DA:24,0
DA:25,0
DA:26,0
DA:28,0
DA:33,0
DA:34,0
DA:35,0
DA:37,0
DA:48,0
DA:50,0
DA:52,0
DA:66,0
DA:67,0
DA:68,0
DA:70,0
DA:75,0
DA:78,0
DA:80,0
DA:83,0
DA:89,0
DA:91,0
LF:23
LH:0
BRDA:48,0,0,0
BRDA:48,0,1,0
BRF:2
BRH:0
end_of_record
TN:
SF:src/utils/GET_errorMessage.ts
FN:8,GET_errorMessage
FNF:1
FNH:0
FNDA:0,GET_errorMessage
DA:17,0
LF:1
LH:0
BRDA:10,0,0,0
BRDA:17,1,0,0
BRDA:17,1,1,0
BRDA:19,2,0,0
BRDA:19,2,1,0
BRDA:21,3,0,0
BRDA:21,3,1,0
BRF:7
BRH:0
end_of_record
TN:
SF:src/utils/GET_errorType.ts
FN:8,GET_errorType
FNF:1
FNH:0
FNDA:0,GET_errorType
DA:9,0
DA:10,0
DA:11,0
LF:3
LH:0
BRDA:9,0,0,0
BRDA:9,0,1,0
BRDA:11,1,0,0
BRDA:11,1,1,0
BRDA:13,2,0,0
BRDA:13,2,1,0
BRF:6
BRH:0
end_of_record
TN:
SF:src/utils/GET_errroInfo.ts
FN:8,GET_errroInfo
FNF:1
FNH:0
FNDA:0,GET_errroInfo
DA:15,0
DA:16,0
DA:18,0
LF:3
LH:0
BRF:0
BRH:0
end_of_record
TN:
SF:src/utils/GET_userId.ts
FN:3,GET_userId
FNF:1
FNH:0
FNDA:0,GET_userId
DA:4,0
LF:1
LH:0
BRF:0
BRH:0
end_of_record
TN:
SF:src/utils/NEW_timestampWithTimeZone.ts
FN:5,NEW_timestampWithTimeZone
FNF:1
FNH:0
FNDA:0,NEW_timestampWithTimeZone
DA:6,0
LF:1
LH:0
BRF:0
BRH:0
end_of_record
TN:
SF:src/utils/SEND_internalError.tsx
FN:9,(anonymous_0)
FN:12,HANDLE_internalError
FN:31,(anonymous_2)
FN:32,(anonymous_3)
FNF:4
FNH:0
FNDA:0,(anonymous_0)
FNDA:0,HANDLE_internalError
FNDA:0,(anonymous_2)
FNDA:0,(anonymous_3)
DA:9,0
DA:10,0
DA:19,0
DA:21,0
DA:22,0
DA:23,0
DA:24,0
DA:25,0
DA:31,0
DA:32,0
DA:33,0
DA:36,0
DA:37,0
DA:41,0
DA:42,0
DA:43,0
LF:16
LH:0
BRDA:19,0,0,0
BRDA:19,0,1,0
BRDA:19,1,0,0
BRDA:19,1,1,0
BRDA:24,2,0,0
BRDA:24,2,1,0
BRDA:41,3,0,0
BRDA:41,3,1,0
BRF:8
BRH:0
end_of_record
TN:
SF:src/utils/HANDLE_keyboardDismiss/HANDLE_keyboardDismiss.ts
FN:8,HANDLE_keyboardDismiss
FNF:1
FNH:0
FNDA:0,HANDLE_keyboardDismiss
DA:11,0
DA:12,0
LF:2
LH:0
BRDA:11,0,0,0
BRDA:11,0,1,0
BRDA:11,1,0,0
BRDA:11,1,1,0
BRF:4
BRH:0
end_of_record
TN:
SF:src/utils/HANDLE_userError/HANDLE_userError.ts
FN:7,HANDLE_userError
FNF:1
FNH:0
FNDA:0,HANDLE_userError
DA:18,0
DA:19,0
DA:21,0
LF:3
LH:0
BRDA:18,0,0,0
BRDA:18,0,1,0
BRDA:19,1,0,0
BRDA:19,1,1,0
BRDA:22,2,0,0
BRDA:22,2,1,0
BRDA:23,3,0,0
BRDA:23,3,1,0
BRF:8
BRH:0
end_of_record
